
Starting from:
epoch = 0
batchNum = 0
batchSize = 1

Epoch : 0  BatchNum : 0  Loss : 280166672629760.0

y_pred:
tensor([[ 0.0631, -0.0017, -0.1667, -0.1704,  0.2032, -0.0206]],
       grad_fn=<CopySlices>)

labels:
tensor([[1.4896e+02, 1.4943e+02, 1.4768e+02, 1.4787e+02, 1.4726e+02, 4.1000e+07]])


Epoch : 1  BatchNum : 0  Loss : 280164206379008.0

y_pred:
tensor([[130.4472, 131.4898, 129.5002, 130.0649, 130.9300, 178.1171]],
       grad_fn=<CopySlices>)

labels:
tensor([[1.4896e+02, 1.4943e+02, 1.4768e+02, 1.4787e+02, 1.4726e+02, 4.1000e+07]])


Epoch : 2  BatchNum : 0  Loss : 280163216523264.0

y_pred:
tensor([[149.2011, 150.9139, 147.6125, 149.1058, 149.3230, 252.7051]],
       grad_fn=<CopySlices>)

labels:
tensor([[1.4896e+02, 1.4943e+02, 1.4768e+02, 1.4787e+02, 1.4726e+02, 4.1000e+07]])


Epoch : 3  BatchNum : 0  Loss : 280162394439680.0

y_pred:
tensor([[154.1309, 156.1675, 152.2406, 154.1755, 154.0745, 310.1441]],
       grad_fn=<CopySlices>)

labels:
tensor([[1.4896e+02, 1.4943e+02, 1.4768e+02, 1.4787e+02, 1.4726e+02, 4.1000e+07]])


Epoch : 4  BatchNum : 0  Loss : 280161740128256.0

y_pred:
tensor([[155.4916, 157.6548, 153.4860, 155.5913, 155.3638, 358.6383]],
       grad_fn=<CopySlices>)

labels:
tensor([[1.4896e+02, 1.4943e+02, 1.4768e+02, 1.4787e+02, 1.4726e+02, 4.1000e+07]])


Epoch : 5  BatchNum : 0  Loss : 280161203257344.0

y_pred:
tensor([[155.8885, 158.0960, 153.8435, 156.0078, 155.7346, 401.3884]],
       grad_fn=<CopySlices>)

labels:
tensor([[1.4896e+02, 1.4943e+02, 1.4768e+02, 1.4787e+02, 1.4726e+02, 4.1000e+07]])


Epoch : 6  BatchNum : 0  Loss : 280160649609216.0

y_pred:
tensor([[156.0239, 158.2453, 153.9667, 156.1497, 155.8607, 440.0639]],
       grad_fn=<CopySlices>)

labels:
tensor([[1.4896e+02, 1.4943e+02, 1.4768e+02, 1.4787e+02, 1.4726e+02, 4.1000e+07]])


Epoch : 7  BatchNum : 0  Loss : 280160163069952.0

y_pred:
tensor([[156.0822, 158.3069, 154.0221, 156.2099, 155.9156, 475.6358]],
       grad_fn=<CopySlices>)

labels:
tensor([[1.4896e+02, 1.4943e+02, 1.4768e+02, 1.4787e+02, 1.4726e+02, 4.1000e+07]])


Epoch : 8  BatchNum : 0  Loss : 280159726862336.0

y_pred:
tensor([[156.1192, 158.3438, 154.0594, 156.2473, 155.9513, 508.7555]],
       grad_fn=<CopySlices>)

labels:
tensor([[1.4896e+02, 1.4943e+02, 1.4768e+02, 1.4787e+02, 1.4726e+02, 4.1000e+07]])


Epoch : 9  BatchNum : 0  Loss : 280159290654720.0

y_pred:
tensor([[156.1476, 158.3709, 154.0889, 156.2757, 155.9790, 539.8621]],
       grad_fn=<CopySlices>)

labels:
tensor([[1.4896e+02, 1.4943e+02, 1.4768e+02, 1.4787e+02, 1.4726e+02, 4.1000e+07]])


Epoch : 10  BatchNum : 0  Loss : 280158904778752.0

y_pred:
tensor([[156.1779, 158.3998, 154.1206, 156.3058, 156.0090, 569.3041]],
       grad_fn=<CopySlices>)

labels:
tensor([[1.4896e+02, 1.4943e+02, 1.4768e+02, 1.4787e+02, 1.4726e+02, 4.1000e+07]])


Epoch : 11  BatchNum : 0  Loss : 280158518902784.0

y_pred:
tensor([[156.2021, 158.4224, 154.1461, 156.3298, 156.0328, 597.2942]],
       grad_fn=<CopySlices>)

labels:
tensor([[1.4896e+02, 1.4943e+02, 1.4768e+02, 1.4787e+02, 1.4726e+02, 4.1000e+07]])


Epoch : 12  BatchNum : 0  Loss : 280158149804032.0

y_pred:
tensor([[156.2254, 158.4442, 154.1708, 156.3529, 156.0559, 624.0408]],
       grad_fn=<CopySlices>)

labels:
tensor([[1.4896e+02, 1.4943e+02, 1.4768e+02, 1.4787e+02, 1.4726e+02, 4.1000e+07]])


Epoch : 13  BatchNum : 0  Loss : 280157814259712.0

y_pred:
tensor([[156.2510, 158.4684, 154.1977, 156.3783, 156.0812, 649.7085]],
       grad_fn=<CopySlices>)

labels:
tensor([[1.4896e+02, 1.4943e+02, 1.4768e+02, 1.4787e+02, 1.4726e+02, 4.1000e+07]])


Epoch : 14  BatchNum : 0  Loss : 280157428383744.0

y_pred:
tensor([[156.2746, 158.4907, 154.2225, 156.4017, 156.1045, 674.4041]],
       grad_fn=<CopySlices>)

labels:
tensor([[1.4896e+02, 1.4943e+02, 1.4768e+02, 1.4787e+02, 1.4726e+02, 4.1000e+07]])


Epoch : 15  BatchNum : 0  Loss : 280157092839424.0

y_pred:
tensor([[156.2977, 158.5124, 154.2467, 156.4246, 156.1273, 698.2339]],
       grad_fn=<CopySlices>)

labels:
tensor([[1.4896e+02, 1.4943e+02, 1.4768e+02, 1.4787e+02, 1.4726e+02, 4.1000e+07]])


Epoch : 16  BatchNum : 0  Loss : 280156824403968.0

y_pred:
tensor([[156.3184, 158.5321, 154.2686, 156.4452, 156.1478, 721.2766]],
       grad_fn=<CopySlices>)

labels:
tensor([[1.4896e+02, 1.4943e+02, 1.4768e+02, 1.4787e+02, 1.4726e+02, 4.1000e+07]])


Epoch : 17  BatchNum : 0  Loss : 280156488859648.0

y_pred:
tensor([[156.3409, 158.5534, 154.2921, 156.4675, 156.1701, 743.6210]],
       grad_fn=<CopySlices>)

labels:
tensor([[1.4896e+02, 1.4943e+02, 1.4768e+02, 1.4787e+02, 1.4726e+02, 4.1000e+07]])


Epoch : 18  BatchNum : 0  Loss : 280156220424192.0

y_pred:
tensor([[156.3604, 158.5719, 154.3127, 156.4869, 156.1895, 765.3075]],
       grad_fn=<CopySlices>)

labels:
tensor([[1.4896e+02, 1.4943e+02, 1.4768e+02, 1.4787e+02, 1.4726e+02, 4.1000e+07]])


Epoch : 19  BatchNum : 0  Loss : 280155901657088.0

y_pred:
tensor([[156.3810, 158.5914, 154.3342, 156.5074, 156.2099, 786.4077]],
       grad_fn=<CopySlices>)

labels:
tensor([[1.4896e+02, 1.4943e+02, 1.4768e+02, 1.4787e+02, 1.4726e+02, 4.1000e+07]])


Epoch : 20  BatchNum : 0  Loss : 280155616444416.0

y_pred:
tensor([[156.4006, 158.6101, 154.3547, 156.5269, 156.2293, 806.9585]],
       grad_fn=<CopySlices>)

labels:
tensor([[1.4896e+02, 1.4943e+02, 1.4768e+02, 1.4787e+02, 1.4726e+02, 4.1000e+07]])


Epoch : 21  BatchNum : 0  Loss : 280155348008960.0

y_pred:
tensor([[156.4193, 158.6279, 154.3743, 156.5456, 156.2478, 827.0013]],
       grad_fn=<CopySlices>)

labels:
tensor([[1.4896e+02, 1.4943e+02, 1.4768e+02, 1.4787e+02, 1.4726e+02, 4.1000e+07]])


Epoch : 22  BatchNum : 0  Loss : 280155079573504.0

y_pred:
tensor([[156.4385, 158.6463, 154.3943, 156.5647, 156.2668, 846.5770]],
       grad_fn=<CopySlices>)

labels:
tensor([[1.4896e+02, 1.4943e+02, 1.4768e+02, 1.4787e+02, 1.4726e+02, 4.1000e+07]])


Epoch : 23  BatchNum : 0  Loss : 280154861469696.0

y_pred:
tensor([[156.4564, 158.6634, 154.4130, 156.5826, 156.2846, 865.7106]],
       grad_fn=<CopySlices>)

labels:
tensor([[1.4896e+02, 1.4943e+02, 1.4768e+02, 1.4787e+02, 1.4726e+02, 4.1000e+07]])


Epoch : 24  BatchNum : 0  Loss : 280154593034240.0

y_pred:
tensor([[156.4718, 158.6779, 154.4292, 156.5979, 156.2998, 884.4203]],
       grad_fn=<CopySlices>)

labels:
tensor([[1.4896e+02, 1.4943e+02, 1.4768e+02, 1.4787e+02, 1.4726e+02, 4.1000e+07]])


Epoch : 25  BatchNum : 0  Loss : 280154324598784.0

y_pred:
tensor([[156.4896, 158.6951, 154.4477, 156.6157, 156.3175, 902.7611]],
       grad_fn=<CopySlices>)

labels:
tensor([[1.4896e+02, 1.4943e+02, 1.4768e+02, 1.4787e+02, 1.4726e+02, 4.1000e+07]])


Epoch : 26  BatchNum : 0  Loss : 280154089717760.0

y_pred:
tensor([[156.5061, 158.7108, 154.4648, 156.6321, 156.3338, 920.7334]],
       grad_fn=<CopySlices>)

labels:
tensor([[1.4896e+02, 1.4943e+02, 1.4768e+02, 1.4787e+02, 1.4726e+02, 4.1000e+07]])


Epoch : 27  BatchNum : 0  Loss : 280153821282304.0

y_pred:
tensor([[156.5217, 158.7258, 154.4812, 156.6477, 156.3492, 938.3596]],
       grad_fn=<CopySlices>)

labels:
tensor([[1.4896e+02, 1.4943e+02, 1.4768e+02, 1.4787e+02, 1.4726e+02, 4.1000e+07]])


Epoch : 28  BatchNum : 0  Loss : 280153603178496.0

y_pred:
tensor([[156.5375, 158.7410, 154.4977, 156.6635, 156.3650, 955.6680]],
       grad_fn=<CopySlices>)

labels:
tensor([[1.4896e+02, 1.4943e+02, 1.4768e+02, 1.4787e+02, 1.4726e+02, 4.1000e+07]])


Epoch : 29  BatchNum : 0  Loss : 280153385074688.0

y_pred:
tensor([[156.5533, 158.7562, 154.5140, 156.6792, 156.3806, 972.6712]],
       grad_fn=<CopySlices>)

labels:
tensor([[1.4896e+02, 1.4943e+02, 1.4768e+02, 1.4787e+02, 1.4726e+02, 4.1000e+07]])


Epoch : 30  BatchNum : 0  Loss : 280153150193664.0

y_pred:
tensor([[156.5686, 158.7709, 154.5299, 156.6945, 156.3957, 989.3834]],
       grad_fn=<CopySlices>)

labels:
tensor([[1.4896e+02, 1.4943e+02, 1.4768e+02, 1.4787e+02, 1.4726e+02, 4.1000e+07]])


Epoch : 31  BatchNum : 0  Loss : 280152948867072.0

y_pred:
tensor([[ 156.5827,  158.7845,  154.5446,  156.7087,  156.4097, 1005.8138]],
       grad_fn=<CopySlices>)

labels:
tensor([[1.4896e+02, 1.4943e+02, 1.4768e+02, 1.4787e+02, 1.4726e+02, 4.1000e+07]])


Epoch : 32  BatchNum : 0  Loss : 280152730763264.0

y_pred:
tensor([[ 156.5973,  158.7986,  154.5597,  156.7232,  156.4242, 1021.9870]],
       grad_fn=<CopySlices>)

labels:
tensor([[1.4896e+02, 1.4943e+02, 1.4768e+02, 1.4787e+02, 1.4726e+02, 4.1000e+07]])


Epoch : 33  BatchNum : 0  Loss : 280152512659456.0

y_pred:
tensor([[ 156.6117,  158.8126,  154.5747,  156.7376,  156.4385, 1037.9115]],
       grad_fn=<CopySlices>)

labels:
tensor([[1.4896e+02, 1.4943e+02, 1.4768e+02, 1.4787e+02, 1.4726e+02, 4.1000e+07]])


Epoch : 34  BatchNum : 0  Loss : 280152277778432.0

y_pred:
tensor([[ 156.6257,  158.8260,  154.5891,  156.7516,  156.4523, 1053.5951]],
       grad_fn=<CopySlices>)

labels:
tensor([[1.4896e+02, 1.4943e+02, 1.4768e+02, 1.4787e+02, 1.4726e+02, 4.1000e+07]])


Epoch : 35  BatchNum : 0  Loss : 280152059674624.0

y_pred:
tensor([[ 156.6387,  158.8387,  154.6028,  156.7647,  156.4653, 1069.0464]],
       grad_fn=<CopySlices>)

labels:
tensor([[1.4896e+02, 1.4943e+02, 1.4768e+02, 1.4787e+02, 1.4726e+02, 4.1000e+07]])


Epoch : 36  BatchNum : 0  Loss : 280151858348032.0

y_pred:
tensor([[ 156.6503,  158.8498,  154.6147,  156.7762,  156.4767, 1084.2699]],
       grad_fn=<CopySlices>)

labels:
tensor([[1.4896e+02, 1.4943e+02, 1.4768e+02, 1.4787e+02, 1.4726e+02, 4.1000e+07]])


Epoch : 37  BatchNum : 0  Loss : 280151640244224.0

y_pred:
tensor([[ 156.6648,  158.8639,  154.6297,  156.7908,  156.4911, 1099.3057]],
       grad_fn=<CopySlices>)

labels:
tensor([[1.4896e+02, 1.4943e+02, 1.4768e+02, 1.4787e+02, 1.4726e+02, 4.1000e+07]])


Epoch : 38  BatchNum : 0  Loss : 280151405363200.0

y_pred:
tensor([[ 156.6773,  158.8760,  154.6426,  156.8032,  156.5035, 1114.1277]],
       grad_fn=<CopySlices>)

labels:
tensor([[1.4896e+02, 1.4943e+02, 1.4768e+02, 1.4787e+02, 1.4726e+02, 4.1000e+07]])


Epoch : 39  BatchNum : 0  Loss : 280151254368256.0

y_pred:
tensor([[ 156.6891,  158.8874,  154.6549,  156.8151,  156.5152, 1128.7527]],
       grad_fn=<CopySlices>)

labels:
tensor([[1.4896e+02, 1.4943e+02, 1.4768e+02, 1.4787e+02, 1.4726e+02, 4.1000e+07]])


Epoch : 40  BatchNum : 0  Loss : 280151036264448.0

y_pred:
tensor([[ 156.7014,  158.8993,  154.6675,  156.8274,  156.5274, 1143.1969]],
       grad_fn=<CopySlices>)

labels:
tensor([[1.4896e+02, 1.4943e+02, 1.4768e+02, 1.4787e+02, 1.4726e+02, 4.1000e+07]])


Epoch : 41  BatchNum : 0  Loss : 280150868492288.0

y_pred:
tensor([[ 156.7148,  158.9125,  154.6814,  156.8409,  156.5408, 1157.4731]],
       grad_fn=<CopySlices>)

labels:
tensor([[1.4896e+02, 1.4943e+02, 1.4768e+02, 1.4787e+02, 1.4726e+02, 4.1000e+07]])


Epoch : 42  BatchNum : 0  Loss : 280150650388480.0

y_pred:
tensor([[ 156.7251,  158.9225,  154.6921,  156.8512,  156.5510, 1171.5547]],
       grad_fn=<CopySlices>)

labels:
tensor([[1.4896e+02, 1.4943e+02, 1.4768e+02, 1.4787e+02, 1.4726e+02, 4.1000e+07]])


Epoch : 43  BatchNum : 0  Loss : 280150499393536.0

y_pred:
tensor([[ 156.7361,  158.9331,  154.7034,  156.8622,  156.5618, 1185.4752]],
       grad_fn=<CopySlices>)

labels:
tensor([[1.4896e+02, 1.4943e+02, 1.4768e+02, 1.4787e+02, 1.4726e+02, 4.1000e+07]])


Epoch : 44  BatchNum : 0  Loss : 280150264512512.0

y_pred:
tensor([[ 156.7476,  158.9444,  154.7153,  156.8738,  156.5733, 1199.2423]],
       grad_fn=<CopySlices>)

labels:
tensor([[1.4896e+02, 1.4943e+02, 1.4768e+02, 1.4787e+02, 1.4726e+02, 4.1000e+07]])


Epoch : 45  BatchNum : 0  Loss : 280150113517568.0

y_pred:
tensor([[ 156.7579,  158.9543,  154.7259,  156.8841,  156.5835, 1212.8442]],
       grad_fn=<CopySlices>)

labels:
tensor([[1.4896e+02, 1.4943e+02, 1.4768e+02, 1.4787e+02, 1.4726e+02, 4.1000e+07]])


Epoch : 46  BatchNum : 0  Loss : 280149895413760.0

y_pred:
tensor([[ 156.7686,  158.9648,  154.7370,  156.8949,  156.5941, 1226.3004]],
       grad_fn=<CopySlices>)

labels:
tensor([[1.4896e+02, 1.4943e+02, 1.4768e+02, 1.4787e+02, 1.4726e+02, 4.1000e+07]])


Epoch : 47  BatchNum : 0  Loss : 280149710864384.0

y_pred:
tensor([[ 156.7786,  158.9745,  154.7473,  156.9049,  156.6040, 1239.6083]],
       grad_fn=<CopySlices>)

labels:
tensor([[1.4896e+02, 1.4943e+02, 1.4768e+02, 1.4787e+02, 1.4726e+02, 4.1000e+07]])


Epoch : 48  BatchNum : 0  Loss : 280149559869440.0

y_pred:
tensor([[ 156.7890,  158.9846,  154.7580,  156.9153,  156.6143, 1252.7793]],
       grad_fn=<CopySlices>)

labels:
tensor([[1.4896e+02, 1.4943e+02, 1.4768e+02, 1.4787e+02, 1.4726e+02, 4.1000e+07]])


Epoch : 49  BatchNum : 0  Loss : 280149392097280.0

y_pred:
tensor([[ 156.7980,  158.9933,  154.7673,  156.9243,  156.6233, 1265.8048]],
       grad_fn=<CopySlices>)

labels:
tensor([[1.4896e+02, 1.4943e+02, 1.4768e+02, 1.4787e+02, 1.4726e+02, 4.1000e+07]])


Epoch : 50  BatchNum : 0  Loss : 280149173993472.0

y_pred:
tensor([[ 156.8091,  159.0043,  154.7788,  156.9355,  156.6343, 1278.7163]],
       grad_fn=<CopySlices>)

labels:
tensor([[1.4896e+02, 1.4943e+02, 1.4768e+02, 1.4787e+02, 1.4726e+02, 4.1000e+07]])


Epoch : 51  BatchNum : 0  Loss : 280149022998528.0

y_pred:
tensor([[ 156.8190,  159.0139,  154.7888,  156.9454,  156.6441, 1291.4902]],
       grad_fn=<CopySlices>)

labels:
tensor([[1.4896e+02, 1.4943e+02, 1.4768e+02, 1.4787e+02, 1.4726e+02, 4.1000e+07]])


Epoch : 52  BatchNum : 0  Loss : 280148838449152.0

y_pred:
tensor([[ 156.8285,  159.0232,  154.7986,  156.9549,  156.6535, 1304.1384]],
       grad_fn=<CopySlices>)

labels:
tensor([[1.4896e+02, 1.4943e+02, 1.4768e+02, 1.4787e+02, 1.4726e+02, 4.1000e+07]])


Epoch : 53  BatchNum : 0  Loss : 280148687454208.0

y_pred:
tensor([[ 156.8392,  159.0337,  154.8095,  156.9656,  156.6641, 1316.6779]],
       grad_fn=<CopySlices>)

labels:
tensor([[1.4896e+02, 1.4943e+02, 1.4768e+02, 1.4787e+02, 1.4726e+02, 4.1000e+07]])


Epoch : 54  BatchNum : 0  Loss : 280148519682048.0

y_pred:
tensor([[ 156.8472,  159.0416,  154.8179,  156.9738,  156.6721, 1329.0782]],
       grad_fn=<CopySlices>)

labels:
tensor([[1.4896e+02, 1.4943e+02, 1.4768e+02, 1.4787e+02, 1.4726e+02, 4.1000e+07]])


Epoch : 55  BatchNum : 0  Loss : 280148351909888.0

y_pred:
tensor([[ 156.8569,  159.0511,  154.8280,  156.9836,  156.6818, 1341.3807]],
       grad_fn=<CopySlices>)

labels:
tensor([[1.4896e+02, 1.4943e+02, 1.4768e+02, 1.4787e+02, 1.4726e+02, 4.1000e+07]])


Epoch : 56  BatchNum : 0  Loss : 280148184137728.0

y_pred:
tensor([[ 156.8658,  159.0598,  154.8371,  156.9925,  156.6906, 1353.5641]],
       grad_fn=<CopySlices>)

labels:
tensor([[1.4896e+02, 1.4943e+02, 1.4768e+02, 1.4787e+02, 1.4726e+02, 4.1000e+07]])


Epoch : 57  BatchNum : 0  Loss : 280148033142784.0

y_pred:
tensor([[ 156.8730,  159.0669,  154.8445,  156.9997,  156.6977, 1365.6276]],
       grad_fn=<CopySlices>)

labels:
tensor([[1.4896e+02, 1.4943e+02, 1.4768e+02, 1.4787e+02, 1.4726e+02, 4.1000e+07]])


Epoch : 58  BatchNum : 0  Loss : 280147848593408.0

y_pred:
tensor([[ 156.8840,  159.0777,  154.8557,  157.0107,  156.7086, 1377.6194]],
       grad_fn=<CopySlices>)

labels:
tensor([[1.4896e+02, 1.4943e+02, 1.4768e+02, 1.4787e+02, 1.4726e+02, 4.1000e+07]])


Epoch : 59  BatchNum : 0  Loss : 280147697598464.0

y_pred:
tensor([[ 156.8915,  159.0851,  154.8635,  157.0183,  156.7162, 1389.4803]],
       grad_fn=<CopySlices>)

labels:
tensor([[1.4896e+02, 1.4943e+02, 1.4768e+02, 1.4787e+02, 1.4726e+02, 4.1000e+07]])


Epoch : 60  BatchNum : 0  Loss : 280147546603520.0

y_pred:
tensor([[ 156.9010,  159.0944,  154.8731,  157.0278,  156.7255, 1401.2584]],
       grad_fn=<CopySlices>)

labels:
tensor([[1.4896e+02, 1.4943e+02, 1.4768e+02, 1.4787e+02, 1.4726e+02, 4.1000e+07]])


Epoch : 61  BatchNum : 0  Loss : 280147362054144.0

y_pred:
tensor([[ 156.9076,  159.1009,  154.8800,  157.0345,  156.7321, 1412.9147]],
       grad_fn=<CopySlices>)

labels:
tensor([[1.4896e+02, 1.4943e+02, 1.4768e+02, 1.4787e+02, 1.4726e+02, 4.1000e+07]])


Epoch : 62  BatchNum : 0  Loss : 280147211059200.0

y_pred:
tensor([[ 156.9157,  159.1089,  154.8884,  157.0427,  156.7402, 1424.4895]],
       grad_fn=<CopySlices>)

labels:
tensor([[1.4896e+02, 1.4943e+02, 1.4768e+02, 1.4787e+02, 1.4726e+02, 4.1000e+07]])


Epoch : 63  BatchNum : 0  Loss : 280147043287040.0

y_pred:
tensor([[ 156.9237,  159.1166,  154.8965,  157.0507,  156.7481, 1435.9722]],
       grad_fn=<CopySlices>)

labels:
tensor([[1.4896e+02, 1.4943e+02, 1.4768e+02, 1.4787e+02, 1.4726e+02, 4.1000e+07]])


Epoch : 64  BatchNum : 0  Loss : 280146875514880.0

y_pred:
tensor([[ 156.9307,  159.1236,  154.9038,  157.0578,  156.7551, 1447.3569]],
       grad_fn=<CopySlices>)

labels:
tensor([[1.4896e+02, 1.4943e+02, 1.4768e+02, 1.4787e+02, 1.4726e+02, 4.1000e+07]])


Epoch : 65  BatchNum : 0  Loss : 280146707742720.0

y_pred:
tensor([[ 156.9392,  159.1320,  154.9125,  157.0664,  156.7636, 1458.6677]],
       grad_fn=<CopySlices>)

labels:
tensor([[1.4896e+02, 1.4943e+02, 1.4768e+02, 1.4787e+02, 1.4726e+02, 4.1000e+07]])


Epoch : 66  BatchNum : 0  Loss : 280146607079424.0

y_pred:
tensor([[ 156.9471,  159.1397,  154.9205,  157.0742,  156.7714, 1469.8860]],
       grad_fn=<CopySlices>)

labels:
tensor([[1.4896e+02, 1.4943e+02, 1.4768e+02, 1.4787e+02, 1.4726e+02, 4.1000e+07]])


Epoch : 67  BatchNum : 0  Loss : 280146439307264.0

y_pred:
tensor([[ 156.9552,  159.1478,  154.9289,  157.0825,  156.7795, 1481.0239]],
       grad_fn=<CopySlices>)

labels:
tensor([[1.4896e+02, 1.4943e+02, 1.4768e+02, 1.4787e+02, 1.4726e+02, 4.1000e+07]])


Epoch : 68  BatchNum : 0  Loss : 280146271535104.0

y_pred:
tensor([[ 156.9613,  159.1538,  154.9352,  157.0886,  156.7855, 1492.0605]],
       grad_fn=<CopySlices>)

labels:
tensor([[1.4896e+02, 1.4943e+02, 1.4768e+02, 1.4787e+02, 1.4726e+02, 4.1000e+07]])


Epoch : 69  BatchNum : 0  Loss : 280146103762944.0

y_pred:
tensor([[ 156.9705,  159.1628,  154.9445,  157.0979,  156.7946, 1503.0474]],
       grad_fn=<CopySlices>)

labels:
tensor([[1.4896e+02, 1.4943e+02, 1.4768e+02, 1.4787e+02, 1.4726e+02, 4.1000e+07]])


Epoch : 70  BatchNum : 0  Loss : 280146003099648.0

y_pred:
tensor([[ 156.9770,  159.1692,  154.9511,  157.1044,  156.8010, 1513.9297]],
       grad_fn=<CopySlices>)

labels:
tensor([[1.4896e+02, 1.4943e+02, 1.4768e+02, 1.4787e+02, 1.4726e+02, 4.1000e+07]])


Epoch : 71  BatchNum : 0  Loss : 280145835327488.0

y_pred:
tensor([[ 156.9835,  159.1757,  154.9579,  157.1110,  156.8075, 1524.7363]],
       grad_fn=<CopySlices>)

labels:
tensor([[1.4896e+02, 1.4943e+02, 1.4768e+02, 1.4787e+02, 1.4726e+02, 4.1000e+07]])


Epoch : 72  BatchNum : 0  Loss : 280145684332544.0

y_pred:
tensor([[ 156.9915,  159.1836,  154.9660,  157.1190,  156.8154, 1535.4823]],
       grad_fn=<CopySlices>)

labels:
tensor([[1.4896e+02, 1.4943e+02, 1.4768e+02, 1.4787e+02, 1.4726e+02, 4.1000e+07]])


Epoch : 73  BatchNum : 0  Loss : 280145499783168.0

y_pred:
tensor([[ 156.9981,  159.1901,  154.9728,  157.1257,  156.8220, 1546.1412]],
       grad_fn=<CopySlices>)

labels:
tensor([[1.4896e+02, 1.4943e+02, 1.4768e+02, 1.4787e+02, 1.4726e+02, 4.1000e+07]])


Epoch : 74  BatchNum : 0  Loss : 280145399119872.0

y_pred:
tensor([[ 157.0051,  159.1970,  154.9799,  157.1327,  156.8289, 1556.7332]],
       grad_fn=<CopySlices>)

labels:
tensor([[1.4896e+02, 1.4943e+02, 1.4768e+02, 1.4787e+02, 1.4726e+02, 4.1000e+07]])


Epoch : 75  BatchNum : 0  Loss : 280145231347712.0

y_pred:
tensor([[ 157.0114,  159.2032,  154.9864,  157.1391,  156.8352, 1567.2467]],
       grad_fn=<CopySlices>)

labels:
tensor([[1.4896e+02, 1.4943e+02, 1.4768e+02, 1.4787e+02, 1.4726e+02, 4.1000e+07]])


Epoch : 76  BatchNum : 0  Loss : 280145130684416.0

y_pred:
tensor([[ 157.0188,  159.2105,  154.9939,  157.1465,  156.8426, 1577.7024]],
       grad_fn=<CopySlices>)

labels:
tensor([[1.4896e+02, 1.4943e+02, 1.4768e+02, 1.4787e+02, 1.4726e+02, 4.1000e+07]])


Epoch : 77  BatchNum : 0  Loss : 280144962912256.0

y_pred:
tensor([[ 157.0229,  159.2145,  154.9982,  157.1507,  156.8466, 1588.0593]],
       grad_fn=<CopySlices>)

labels:
tensor([[1.4896e+02, 1.4943e+02, 1.4768e+02, 1.4787e+02, 1.4726e+02, 4.1000e+07]])


Epoch : 78  BatchNum : 0  Loss : 280144795140096.0

y_pred:
tensor([[ 157.0307,  159.2223,  155.0061,  157.1585,  156.8544, 1598.3871]],
       grad_fn=<CopySlices>)

labels:
tensor([[1.4896e+02, 1.4943e+02, 1.4768e+02, 1.4787e+02, 1.4726e+02, 4.1000e+07]])


Epoch : 79  BatchNum : 0  Loss : 280144694476800.0

y_pred:
tensor([[ 157.0369,  159.2284,  155.0125,  157.1648,  156.8606, 1608.6309]],
       grad_fn=<CopySlices>)

labels:
tensor([[1.4896e+02, 1.4943e+02, 1.4768e+02, 1.4787e+02, 1.4726e+02, 4.1000e+07]])


Epoch : 80  BatchNum : 0  Loss : 280144526704640.0

y_pred:
tensor([[ 157.0437,  159.2352,  155.0195,  157.1717,  156.8674, 1618.8196]],
       grad_fn=<CopySlices>)

labels:
tensor([[1.4896e+02, 1.4943e+02, 1.4768e+02, 1.4787e+02, 1.4726e+02, 4.1000e+07]])


Epoch : 81  BatchNum : 0  Loss : 280144409264128.0

y_pred:
tensor([[ 157.0477,  159.2391,  155.0236,  157.1757,  156.8713, 1628.9147]],
       grad_fn=<CopySlices>)

labels:
tensor([[1.4896e+02, 1.4943e+02, 1.4768e+02, 1.4787e+02, 1.4726e+02, 4.1000e+07]])


Epoch : 82  BatchNum : 0  Loss : 280144258269184.0

y_pred:
tensor([[ 157.0568,  159.2482,  155.0329,  157.1849,  156.8804, 1639.0022]],
       grad_fn=<CopySlices>)

labels:
tensor([[1.4896e+02, 1.4943e+02, 1.4768e+02, 1.4787e+02, 1.4726e+02, 4.1000e+07]])


Epoch : 83  BatchNum : 0  Loss : 280144140828672.0

y_pred:
tensor([[ 157.0605,  159.2517,  155.0367,  157.1886,  156.8840, 1648.9724]],
       grad_fn=<CopySlices>)

labels:
tensor([[1.4896e+02, 1.4943e+02, 1.4768e+02, 1.4787e+02, 1.4726e+02, 4.1000e+07]])


Epoch : 84  BatchNum : 0  Loss : 280143989833728.0

y_pred:
tensor([[ 157.0677,  159.2589,  155.0440,  157.1959,  156.8912, 1658.9200]],
       grad_fn=<CopySlices>)

labels:
tensor([[1.4896e+02, 1.4943e+02, 1.4768e+02, 1.4787e+02, 1.4726e+02, 4.1000e+07]])


Epoch : 85  BatchNum : 0  Loss : 280143872393216.0

y_pred:
tensor([[ 157.0723,  159.2635,  155.0488,  157.2006,  156.8958, 1668.7827]],
       grad_fn=<CopySlices>)

labels:
tensor([[1.4896e+02, 1.4943e+02, 1.4768e+02, 1.4787e+02, 1.4726e+02, 4.1000e+07]])


Epoch : 86  BatchNum : 0  Loss : 280143721398272.0

y_pred:
tensor([[ 157.0800,  159.2712,  155.0565,  157.2083,  156.9034, 1678.6204]],
       grad_fn=<CopySlices>)

labels:
tensor([[1.4896e+02, 1.4943e+02, 1.4768e+02, 1.4787e+02, 1.4726e+02, 4.1000e+07]])


Epoch : 87  BatchNum : 0  Loss : 280143603957760.0

y_pred:
tensor([[ 157.0851,  159.2762,  155.0617,  157.2134,  156.9084, 1688.3748]],
       grad_fn=<CopySlices>)

labels:
tensor([[1.4896e+02, 1.4943e+02, 1.4768e+02, 1.4787e+02, 1.4726e+02, 4.1000e+07]])


Epoch : 88  BatchNum : 0  Loss : 280143419408384.0

y_pred:
tensor([[ 157.0900,  159.2809,  155.0667,  157.2183,  156.9133, 1698.0724]],
       grad_fn=<CopySlices>)

labels:
tensor([[1.4896e+02, 1.4943e+02, 1.4768e+02, 1.4787e+02, 1.4726e+02, 4.1000e+07]])


Epoch : 89  BatchNum : 0  Loss : 280143335522304.0

y_pred:
tensor([[ 157.0956,  159.2866,  155.0726,  157.2241,  156.9190, 1707.7249]],
       grad_fn=<CopySlices>)

labels:
tensor([[1.4896e+02, 1.4943e+02, 1.4768e+02, 1.4787e+02, 1.4726e+02, 4.1000e+07]])


Epoch : 90  BatchNum : 0  Loss : 280143218081792.0

y_pred:
tensor([[ 157.1007,  159.2917,  155.0778,  157.2293,  156.9240, 1717.3163]],
       grad_fn=<CopySlices>)

labels:
tensor([[1.4896e+02, 1.4943e+02, 1.4768e+02, 1.4787e+02, 1.4726e+02, 4.1000e+07]])


Epoch : 91  BatchNum : 0  Loss : 280143050309632.0

y_pred:
tensor([[ 157.1073,  159.2982,  155.0844,  157.2358,  156.9306, 1726.8712]],
       grad_fn=<CopySlices>)

labels:
tensor([[1.4896e+02, 1.4943e+02, 1.4768e+02, 1.4787e+02, 1.4726e+02, 4.1000e+07]])


Epoch : 92  BatchNum : 0  Loss : 280142932869120.0

y_pred:
tensor([[ 157.1127,  159.3036,  155.0899,  157.2412,  156.9359, 1736.3635]],
       grad_fn=<CopySlices>)

labels:
tensor([[1.4896e+02, 1.4943e+02, 1.4768e+02, 1.4787e+02, 1.4726e+02, 4.1000e+07]])


Epoch : 93  BatchNum : 0  Loss : 280142848983040.0

y_pred:
tensor([[ 157.1170,  159.3078,  155.0943,  157.2456,  156.9402, 1745.7939]],
       grad_fn=<CopySlices>)

labels:
tensor([[1.4896e+02, 1.4943e+02, 1.4768e+02, 1.4787e+02, 1.4726e+02, 4.1000e+07]])


Epoch : 94  BatchNum : 0  Loss : 280142664433664.0

y_pred:
tensor([[ 157.1211,  159.3118,  155.0985,  157.2497,  156.9442, 1755.1711]],
       grad_fn=<CopySlices>)

labels:
tensor([[1.4896e+02, 1.4943e+02, 1.4768e+02, 1.4787e+02, 1.4726e+02, 4.1000e+07]])


Epoch : 95  BatchNum : 0  Loss : 280142546993152.0

y_pred:
tensor([[ 157.1287,  159.3194,  155.1062,  157.2574,  156.9518, 1764.5377]],
       grad_fn=<CopySlices>)

labels:
tensor([[1.4896e+02, 1.4943e+02, 1.4768e+02, 1.4787e+02, 1.4726e+02, 4.1000e+07]])


Epoch : 96  BatchNum : 0  Loss : 280142446329856.0

y_pred:
tensor([[ 157.1334,  159.3242,  155.1111,  157.2622,  156.9566, 1773.8223]],
       grad_fn=<CopySlices>)

labels:
tensor([[1.4896e+02, 1.4943e+02, 1.4768e+02, 1.4787e+02, 1.4726e+02, 4.1000e+07]])


Epoch : 97  BatchNum : 0  Loss : 280142278557696.0

y_pred:
tensor([[ 157.1375,  159.3282,  155.1153,  157.2663,  156.9606, 1783.0530]],
       grad_fn=<CopySlices>)

labels:
tensor([[1.4896e+02, 1.4943e+02, 1.4768e+02, 1.4787e+02, 1.4726e+02, 4.1000e+07]])


Epoch : 98  BatchNum : 0  Loss : 280142177894400.0

y_pred:
tensor([[ 157.1429,  159.3336,  155.1207,  157.2717,  156.9659, 1792.2517]],
       grad_fn=<CopySlices>)

labels:
tensor([[1.4896e+02, 1.4943e+02, 1.4768e+02, 1.4787e+02, 1.4726e+02, 4.1000e+07]])


Epoch : 99  BatchNum : 0  Loss : 280142060453888.0

y_pred:
tensor([[ 157.1480,  159.3387,  155.1260,  157.2770,  156.9711, 1801.4014]],
       grad_fn=<CopySlices>)

labels:
tensor([[1.4896e+02, 1.4943e+02, 1.4768e+02, 1.4787e+02, 1.4726e+02, 4.1000e+07]])


Epoch : 100  BatchNum : 0  Loss : 280141909458944.0

y_pred:
tensor([[ 157.1531,  159.3438,  155.1312,  157.2822,  156.9762, 1810.5046]],
       grad_fn=<CopySlices>)

labels:
tensor([[1.4896e+02, 1.4943e+02, 1.4768e+02, 1.4787e+02, 1.4726e+02, 4.1000e+07]])


Epoch : 101  BatchNum : 0  Loss : 280141792018432.0

y_pred:
tensor([[ 157.1569,  159.3475,  155.1351,  157.2860,  156.9799, 1819.5496]],
       grad_fn=<CopySlices>)

labels:
tensor([[1.4896e+02, 1.4943e+02, 1.4768e+02, 1.4787e+02, 1.4726e+02, 4.1000e+07]])


Epoch : 102  BatchNum : 0  Loss : 280141674577920.0

y_pred:
tensor([[ 157.1631,  159.3537,  155.1414,  157.2922,  156.9861, 1828.5764]],
       grad_fn=<CopySlices>)

labels:
tensor([[1.4896e+02, 1.4943e+02, 1.4768e+02, 1.4787e+02, 1.4726e+02, 4.1000e+07]])


Epoch : 103  BatchNum : 0  Loss : 280141573914624.0

y_pred:
tensor([[ 157.1650,  159.3556,  155.1434,  157.2942,  156.9879, 1837.5109]],
       grad_fn=<CopySlices>)

labels:
tensor([[1.4896e+02, 1.4943e+02, 1.4768e+02, 1.4787e+02, 1.4726e+02, 4.1000e+07]])


Epoch : 104  BatchNum : 0  Loss : 280141406142464.0

y_pred:
tensor([[ 157.1705,  159.3611,  155.1490,  157.2996,  156.9934, 1846.4436]],
       grad_fn=<CopySlices>)

labels:
tensor([[1.4896e+02, 1.4943e+02, 1.4768e+02, 1.4787e+02, 1.4726e+02, 4.1000e+07]])


Epoch : 105  BatchNum : 0  Loss : 280141305479168.0

y_pred:
tensor([[ 157.1768,  159.3674,  155.1553,  157.3060,  156.9997, 1855.3438]],
       grad_fn=<CopySlices>)

labels:
tensor([[1.4896e+02, 1.4943e+02, 1.4768e+02, 1.4787e+02, 1.4726e+02, 4.1000e+07]])


Epoch : 106  BatchNum : 0  Loss : 280141188038656.0

y_pred:
tensor([[ 157.1809,  159.3714,  155.1594,  157.3101,  157.0037, 1864.1770]],
       grad_fn=<CopySlices>)

labels:
tensor([[1.4896e+02, 1.4943e+02, 1.4768e+02, 1.4787e+02, 1.4726e+02, 4.1000e+07]])


Epoch : 107  BatchNum : 0  Loss : 280141070598144.0

y_pred:
tensor([[ 157.1845,  159.3750,  155.1632,  157.3138,  157.0072, 1872.9626]],
       grad_fn=<CopySlices>)

labels:
tensor([[1.4896e+02, 1.4943e+02, 1.4768e+02, 1.4787e+02, 1.4726e+02, 4.1000e+07]])


Epoch : 108  BatchNum : 0  Loss : 280140969934848.0

y_pred:
tensor([[ 157.1902,  159.3807,  155.1690,  157.3196,  157.0129, 1881.7332]],
       grad_fn=<CopySlices>)

labels:
tensor([[1.4896e+02, 1.4943e+02, 1.4768e+02, 1.4787e+02, 1.4726e+02, 4.1000e+07]])


Epoch : 109  BatchNum : 0  Loss : 280140802162688.0

y_pred:
tensor([[ 157.1943,  159.3849,  155.1732,  157.3237,  157.0170, 1890.4475]],
       grad_fn=<CopySlices>)

labels:
tensor([[1.4896e+02, 1.4943e+02, 1.4768e+02, 1.4787e+02, 1.4726e+02, 4.1000e+07]])


Epoch : 110  BatchNum : 0  Loss : 280140701499392.0

y_pred:
tensor([[ 157.1992,  159.3897,  155.1782,  157.3287,  157.0219, 1899.1290]],
       grad_fn=<CopySlices>)

labels:
tensor([[1.4896e+02, 1.4943e+02, 1.4768e+02, 1.4787e+02, 1.4726e+02, 4.1000e+07]])


Epoch : 111  BatchNum : 0  Loss : 280140584058880.0

y_pred:
tensor([[ 157.2036,  159.3942,  155.1827,  157.3332,  157.0264, 1907.7675]],
       grad_fn=<CopySlices>)

labels:
tensor([[1.4896e+02, 1.4943e+02, 1.4768e+02, 1.4787e+02, 1.4726e+02, 4.1000e+07]])


Epoch : 112  BatchNum : 0  Loss : 280140466618368.0

y_pred:
tensor([[ 157.2077,  159.3982,  155.1869,  157.3373,  157.0304, 1916.3610]],
       grad_fn=<CopySlices>)

labels:
tensor([[1.4896e+02, 1.4943e+02, 1.4768e+02, 1.4787e+02, 1.4726e+02, 4.1000e+07]])


Epoch : 113  BatchNum : 0  Loss : 280140382732288.0

y_pred:
tensor([[ 157.2123,  159.4028,  155.1915,  157.3419,  157.0350, 1924.9244]],
       grad_fn=<CopySlices>)

labels:
tensor([[1.4896e+02, 1.4943e+02, 1.4768e+02, 1.4787e+02, 1.4726e+02, 4.1000e+07]])


Epoch : 114  BatchNum : 0  Loss : 280140265291776.0

y_pred:
tensor([[ 157.2159,  159.4064,  155.1952,  157.3456,  157.0386, 1933.4379]],
       grad_fn=<CopySlices>)

labels:
tensor([[1.4896e+02, 1.4943e+02, 1.4768e+02, 1.4787e+02, 1.4726e+02, 4.1000e+07]])


Epoch : 115  BatchNum : 0  Loss : 280140164628480.0

y_pred:
tensor([[ 157.2205,  159.4110,  155.1998,  157.3502,  157.0431, 1941.9271]],
       grad_fn=<CopySlices>)

labels:
tensor([[1.4896e+02, 1.4943e+02, 1.4768e+02, 1.4787e+02, 1.4726e+02, 4.1000e+07]])


Epoch : 116  BatchNum : 0  Loss : 280139980079104.0

y_pred:
tensor([[ 157.2251,  159.4156,  155.2045,  157.3549,  157.0477, 1950.3807]],
       grad_fn=<CopySlices>)

labels:
tensor([[1.4896e+02, 1.4943e+02, 1.4768e+02, 1.4787e+02, 1.4726e+02, 4.1000e+07]])


Epoch : 117  BatchNum : 0  Loss : 280139896193024.0

y_pred:
tensor([[ 157.2291,  159.4195,  155.2085,  157.3589,  157.0517, 1958.7899]],
       grad_fn=<CopySlices>)

labels:
tensor([[1.4896e+02, 1.4943e+02, 1.4768e+02, 1.4787e+02, 1.4726e+02, 4.1000e+07]])


Epoch : 118  BatchNum : 0  Loss : 280139778752512.0

y_pred:
tensor([[ 157.2327,  159.4231,  155.2123,  157.3625,  157.0553, 1967.1595]],
       grad_fn=<CopySlices>)

labels:
tensor([[1.4896e+02, 1.4943e+02, 1.4768e+02, 1.4787e+02, 1.4726e+02, 4.1000e+07]])


Epoch : 119  BatchNum : 0  Loss : 280139661312000.0

y_pred:
tensor([[ 157.2362,  159.4266,  155.2158,  157.3661,  157.0587, 1975.4944]],
       grad_fn=<CopySlices>)

labels:
tensor([[1.4896e+02, 1.4943e+02, 1.4768e+02, 1.4787e+02, 1.4726e+02, 4.1000e+07]])


Epoch : 120  BatchNum : 0  Loss : 280139560648704.0

y_pred:
tensor([[ 157.2406,  159.4310,  155.2203,  157.3706,  157.0632, 1983.8068]],
       grad_fn=<CopySlices>)

labels:
tensor([[1.4896e+02, 1.4943e+02, 1.4768e+02, 1.4787e+02, 1.4726e+02, 4.1000e+07]])


Epoch : 121  BatchNum : 0  Loss : 280139443208192.0

y_pred:
tensor([[ 157.2447,  159.4351,  155.2244,  157.3748,  157.0672, 1992.0793]],
       grad_fn=<CopySlices>)

labels:
tensor([[1.4896e+02, 1.4943e+02, 1.4768e+02, 1.4787e+02, 1.4726e+02, 4.1000e+07]])


Epoch : 122  BatchNum : 0  Loss : 280139325767680.0

y_pred:
tensor([[ 157.2471,  159.4375,  155.2269,  157.3772,  157.0696, 2000.2982]],
       grad_fn=<CopySlices>)

labels:
tensor([[1.4896e+02, 1.4943e+02, 1.4768e+02, 1.4787e+02, 1.4726e+02, 4.1000e+07]])


Epoch : 123  BatchNum : 0  Loss : 280139225104384.0

y_pred:
tensor([[ 157.2533,  159.4437,  155.2331,  157.3834,  157.0757, 2008.5315]],
       grad_fn=<CopySlices>)

labels:
tensor([[1.4896e+02, 1.4943e+02, 1.4768e+02, 1.4787e+02, 1.4726e+02, 4.1000e+07]])


Epoch : 124  BatchNum : 0  Loss : 280139107663872.0

y_pred:
tensor([[ 157.2568,  159.4473,  155.2367,  157.3870,  157.0792, 2016.6975]],
       grad_fn=<CopySlices>)

labels:
tensor([[1.4896e+02, 1.4943e+02, 1.4768e+02, 1.4787e+02, 1.4726e+02, 4.1000e+07]])


Epoch : 125  BatchNum : 0  Loss : 280138990223360.0

y_pred:
tensor([[ 157.2598,  159.4503,  155.2398,  157.3900,  157.0822, 2024.8250]],
       grad_fn=<CopySlices>)

labels:
tensor([[1.4896e+02, 1.4943e+02, 1.4768e+02, 1.4787e+02, 1.4726e+02, 4.1000e+07]])


Epoch : 126  BatchNum : 0  Loss : 280138906337280.0

y_pred:
tensor([[ 157.2646,  159.4550,  155.2447,  157.3949,  157.0870, 2032.9420]],
       grad_fn=<CopySlices>)

labels:
tensor([[1.4896e+02, 1.4943e+02, 1.4768e+02, 1.4787e+02, 1.4726e+02, 4.1000e+07]])


Epoch : 127  BatchNum : 0  Loss : 280138788896768.0

y_pred:
tensor([[ 157.2670,  159.4574,  155.2471,  157.3973,  157.0893, 2040.9956]],
       grad_fn=<CopySlices>)

labels:
tensor([[1.4896e+02, 1.4943e+02, 1.4768e+02, 1.4787e+02, 1.4726e+02, 4.1000e+07]])


Epoch : 128  BatchNum : 0  Loss : 280138688233472.0

y_pred:
tensor([[ 157.2697,  159.4600,  155.2498,  157.3999,  157.0920, 2049.0227]],
       grad_fn=<CopySlices>)

labels:
tensor([[1.4896e+02, 1.4943e+02, 1.4768e+02, 1.4787e+02, 1.4726e+02, 4.1000e+07]])


Epoch : 129  BatchNum : 0  Loss : 280138570792960.0

y_pred:
tensor([[ 157.2734,  159.4637,  155.2536,  157.4037,  157.0957, 2057.0334]],
       grad_fn=<CopySlices>)

labels:
tensor([[1.4896e+02, 1.4943e+02, 1.4768e+02, 1.4787e+02, 1.4726e+02, 4.1000e+07]])


Epoch : 130  BatchNum : 0  Loss : 280138453352448.0

y_pred:
tensor([[ 157.2779,  159.4684,  155.2583,  157.4083,  157.1003, 2065.0225]],
       grad_fn=<CopySlices>)

labels:
tensor([[1.4896e+02, 1.4943e+02, 1.4768e+02, 1.4787e+02, 1.4726e+02, 4.1000e+07]])


Epoch : 131  BatchNum : 0  Loss : 280138352689152.0

y_pred:
tensor([[ 157.2818,  159.4723,  155.2622,  157.4123,  157.1042, 2072.9751]],
       grad_fn=<CopySlices>)

labels:
tensor([[1.4896e+02, 1.4943e+02, 1.4768e+02, 1.4787e+02, 1.4726e+02, 4.1000e+07]])


Epoch : 132  BatchNum : 0  Loss : 280138235248640.0

y_pred:
tensor([[ 157.2849,  159.4753,  155.2653,  157.4154,  157.1071, 2080.8848]],
       grad_fn=<CopySlices>)

labels:
tensor([[1.4896e+02, 1.4943e+02, 1.4768e+02, 1.4787e+02, 1.4726e+02, 4.1000e+07]])


Epoch : 133  BatchNum : 0  Loss : 280138117808128.0

y_pred:
tensor([[ 157.2898,  159.4802,  155.2702,  157.4203,  157.1120, 2088.7900]],
       grad_fn=<CopySlices>)

labels:
tensor([[1.4896e+02, 1.4943e+02, 1.4768e+02, 1.4787e+02, 1.4726e+02, 4.1000e+07]])


Epoch : 134  BatchNum : 0  Loss : 280138017144832.0

y_pred:
tensor([[ 157.2927,  159.4832,  155.2732,  157.4232,  157.1149, 2096.6418]],
       grad_fn=<CopySlices>)

labels:
tensor([[1.4896e+02, 1.4943e+02, 1.4768e+02, 1.4787e+02, 1.4726e+02, 4.1000e+07]])


Epoch : 135  BatchNum : 0  Loss : 280137916481536.0

y_pred:
tensor([[ 157.2961,  159.4866,  155.2767,  157.4267,  157.1183, 2104.4702]],
       grad_fn=<CopySlices>)

labels:
tensor([[1.4896e+02, 1.4943e+02, 1.4768e+02, 1.4787e+02, 1.4726e+02, 4.1000e+07]])


Epoch : 136  BatchNum : 0  Loss : 280137815818240.0

y_pred:
tensor([[ 157.2991,  159.4896,  155.2798,  157.4298,  157.1213, 2112.2646]],
       grad_fn=<CopySlices>)

labels:
tensor([[1.4896e+02, 1.4943e+02, 1.4768e+02, 1.4787e+02, 1.4726e+02, 4.1000e+07]])


Epoch : 137  BatchNum : 0  Loss : 280137698377728.0

y_pred:
tensor([[ 157.3022,  159.4926,  155.2829,  157.4329,  157.1243, 2120.0308]],
       grad_fn=<CopySlices>)

labels:
tensor([[1.4896e+02, 1.4943e+02, 1.4768e+02, 1.4787e+02, 1.4726e+02, 4.1000e+07]])


Epoch : 138  BatchNum : 0  Loss : 280137580937216.0

y_pred:
tensor([[ 157.3052,  159.4957,  155.2860,  157.4361,  157.1274, 2127.7698]],
       grad_fn=<CopySlices>)

labels:
tensor([[1.4896e+02, 1.4943e+02, 1.4768e+02, 1.4787e+02, 1.4726e+02, 4.1000e+07]])


Epoch : 139  BatchNum : 0  Loss : 280137480273920.0

y_pred:
tensor([[ 157.3071,  159.4976,  155.2880,  157.4380,  157.1293, 2135.4644]],
       grad_fn=<CopySlices>)

labels:
tensor([[1.4896e+02, 1.4943e+02, 1.4768e+02, 1.4787e+02, 1.4726e+02, 4.1000e+07]])


Epoch : 140  BatchNum : 0  Loss : 280137362833408.0

y_pred:
tensor([[ 157.3135,  159.5039,  155.2943,  157.4443,  157.1356, 2143.1904]],
       grad_fn=<CopySlices>)

labels:
tensor([[1.4896e+02, 1.4943e+02, 1.4768e+02, 1.4787e+02, 1.4726e+02, 4.1000e+07]])


Epoch : 141  BatchNum : 0  Loss : 280137245392896.0

y_pred:
tensor([[ 157.3170,  159.5075,  155.2979,  157.4479,  157.1391, 2150.8547]],
       grad_fn=<CopySlices>)

labels:
tensor([[1.4896e+02, 1.4943e+02, 1.4768e+02, 1.4787e+02, 1.4726e+02, 4.1000e+07]])


Epoch : 142  BatchNum : 0  Loss : 280137144729600.0

y_pred:
tensor([[ 157.3180,  159.5085,  155.2990,  157.4490,  157.1401, 2158.4565]],
       grad_fn=<CopySlices>)

labels:
tensor([[1.4896e+02, 1.4943e+02, 1.4768e+02, 1.4787e+02, 1.4726e+02, 4.1000e+07]])


Epoch : 143  BatchNum : 0  Loss : 280137027289088.0

y_pred:
tensor([[ 157.3223,  159.5129,  155.3034,  157.4534,  157.1444, 2166.0769]],
       grad_fn=<CopySlices>)

labels:
tensor([[1.4896e+02, 1.4943e+02, 1.4768e+02, 1.4787e+02, 1.4726e+02, 4.1000e+07]])


Epoch : 144  BatchNum : 0  Loss : 280136976957440.0

y_pred:
tensor([[ 157.3242,  159.5148,  155.3054,  157.4554,  157.1464, 2173.6377]],
       grad_fn=<CopySlices>)

labels:
tensor([[1.4896e+02, 1.4943e+02, 1.4768e+02, 1.4787e+02, 1.4726e+02, 4.1000e+07]])


Epoch : 145  BatchNum : 0  Loss : 280136876294144.0

y_pred:
tensor([[ 157.3285,  159.5191,  155.3096,  157.4596,  157.1506, 2181.2048]],
       grad_fn=<CopySlices>)

labels:
tensor([[1.4896e+02, 1.4943e+02, 1.4768e+02, 1.4787e+02, 1.4726e+02, 4.1000e+07]])


Epoch : 146  BatchNum : 0  Loss : 280136758853632.0

y_pred:
tensor([[ 157.3311,  159.5217,  155.3123,  157.4622,  157.1532, 2188.7229]],
       grad_fn=<CopySlices>)

labels:
tensor([[1.4896e+02, 1.4943e+02, 1.4768e+02, 1.4787e+02, 1.4726e+02, 4.1000e+07]])


Epoch : 147  BatchNum : 0  Loss : 280136641413120.0

y_pred:
tensor([[ 157.3351,  159.5256,  155.3163,  157.4662,  157.1571, 2196.2356]],
       grad_fn=<CopySlices>)

labels:
tensor([[1.4896e+02, 1.4943e+02, 1.4768e+02, 1.4787e+02, 1.4726e+02, 4.1000e+07]])


Epoch : 148  BatchNum : 0  Loss : 280136540749824.0

y_pred:
tensor([[ 157.3365,  159.5271,  155.3178,  157.4677,  157.1585, 2203.6880]],
       grad_fn=<CopySlices>)

labels:
tensor([[1.4896e+02, 1.4943e+02, 1.4768e+02, 1.4787e+02, 1.4726e+02, 4.1000e+07]])


Epoch : 149  BatchNum : 0  Loss : 280136440086528.0

y_pred:
tensor([[ 157.3403,  159.5309,  155.3217,  157.4716,  157.1623, 2211.1484]],
       grad_fn=<CopySlices>)

labels:
tensor([[1.4896e+02, 1.4943e+02, 1.4768e+02, 1.4787e+02, 1.4726e+02, 4.1000e+07]])


Epoch : 150  BatchNum : 0  Loss : 280136339423232.0

y_pred:
tensor([[ 157.3446,  159.5352,  155.3259,  157.4758,  157.1665, 2218.5911]],
       grad_fn=<CopySlices>)

labels:
tensor([[1.4896e+02, 1.4943e+02, 1.4768e+02, 1.4787e+02, 1.4726e+02, 4.1000e+07]])


Epoch : 151  BatchNum : 0  Loss : 280136272314368.0

y_pred:
tensor([[ 157.3471,  159.5377,  155.3284,  157.4784,  157.1691, 2225.9836]],
       grad_fn=<CopySlices>)

labels:
tensor([[1.4896e+02, 1.4943e+02, 1.4768e+02, 1.4787e+02, 1.4726e+02, 4.1000e+07]])


Epoch : 152  BatchNum : 0  Loss : 280136154873856.0

y_pred:
tensor([[ 157.3499,  159.5406,  155.3314,  157.4813,  157.1718, 2233.3591]],
       grad_fn=<CopySlices>)

labels:
tensor([[1.4896e+02, 1.4943e+02, 1.4768e+02, 1.4787e+02, 1.4726e+02, 4.1000e+07]])


Epoch : 153  BatchNum : 0  Loss : 280136037433344.0

y_pred:
tensor([[ 157.3525,  159.5431,  155.3340,  157.4838,  157.1744, 2240.7053]],
       grad_fn=<CopySlices>)

labels:
tensor([[1.4896e+02, 1.4943e+02, 1.4768e+02, 1.4787e+02, 1.4726e+02, 4.1000e+07]])


Epoch : 154  BatchNum : 0  Loss : 280135953547264.0

y_pred:
tensor([[ 157.3557,  159.5462,  155.3372,  157.4870,  157.1775, 2248.0354]],
       grad_fn=<CopySlices>)

labels:
tensor([[1.4896e+02, 1.4943e+02, 1.4768e+02, 1.4787e+02, 1.4726e+02, 4.1000e+07]])


Epoch : 155  BatchNum : 0  Loss : 280135836106752.0

y_pred:
tensor([[ 157.3583,  159.5490,  155.3399,  157.4898,  157.1802, 2255.3359]],
       grad_fn=<CopySlices>)

labels:
tensor([[1.4896e+02, 1.4943e+02, 1.4768e+02, 1.4787e+02, 1.4726e+02, 4.1000e+07]])


Epoch : 156  BatchNum : 0  Loss : 280135735443456.0

y_pred:
tensor([[ 157.3608,  159.5515,  155.3424,  157.4923,  157.1827, 2262.6094]],
       grad_fn=<CopySlices>)

labels:
tensor([[1.4896e+02, 1.4943e+02, 1.4768e+02, 1.4787e+02, 1.4726e+02, 4.1000e+07]])


Epoch : 157  BatchNum : 0  Loss : 280135668334592.0

y_pred:
tensor([[ 157.3645,  159.5551,  155.3461,  157.4960,  157.1864, 2269.8792]],
       grad_fn=<CopySlices>)

labels:
tensor([[1.4896e+02, 1.4943e+02, 1.4768e+02, 1.4787e+02, 1.4726e+02, 4.1000e+07]])


Epoch : 158  BatchNum : 0  Loss : 280135567671296.0

y_pred:
tensor([[ 157.3660,  159.5567,  155.3477,  157.4976,  157.1879, 2277.0952]],
       grad_fn=<CopySlices>)

labels:
tensor([[1.4896e+02, 1.4943e+02, 1.4768e+02, 1.4787e+02, 1.4726e+02, 4.1000e+07]])


Epoch : 159  BatchNum : 0  Loss : 280135467008000.0

y_pred:
tensor([[ 157.3685,  159.5592,  155.3503,  157.5001,  157.1903, 2284.3008]],
       grad_fn=<CopySlices>)

labels:
tensor([[1.4896e+02, 1.4943e+02, 1.4768e+02, 1.4787e+02, 1.4726e+02, 4.1000e+07]])


Epoch : 160  BatchNum : 0  Loss : 280135349567488.0

y_pred:
tensor([[ 157.3730,  159.5637,  155.3548,  157.5047,  157.1949, 2291.5156]],
       grad_fn=<CopySlices>)

labels:
tensor([[1.4896e+02, 1.4943e+02, 1.4768e+02, 1.4787e+02, 1.4726e+02, 4.1000e+07]])


Epoch : 161  BatchNum : 0  Loss : 280135232126976.0

y_pred:
tensor([[ 157.3758,  159.5666,  155.3576,  157.5076,  157.1977, 2298.6814]],
       grad_fn=<CopySlices>)

labels:
tensor([[1.4896e+02, 1.4943e+02, 1.4768e+02, 1.4787e+02, 1.4726e+02, 4.1000e+07]])


Epoch : 162  BatchNum : 0  Loss : 280135165018112.0

y_pred:
tensor([[ 157.3777,  159.5686,  155.3596,  157.5096,  157.1996, 2305.8149]],
       grad_fn=<CopySlices>)

labels:
tensor([[1.4896e+02, 1.4943e+02, 1.4768e+02, 1.4787e+02, 1.4726e+02, 4.1000e+07]])


Epoch : 163  BatchNum : 0  Loss : 280135081132032.0

y_pred:
tensor([[ 157.3808,  159.5716,  155.3627,  157.5127,  157.2027, 2312.9402]],
       grad_fn=<CopySlices>)

labels:
tensor([[1.4896e+02, 1.4943e+02, 1.4768e+02, 1.4787e+02, 1.4726e+02, 4.1000e+07]])


Epoch : 164  BatchNum : 0  Loss : 280134963691520.0

y_pred:
tensor([[ 157.3829,  159.5737,  155.3648,  157.5147,  157.2047, 2320.0308]],
       grad_fn=<CopySlices>)

labels:
tensor([[1.4896e+02, 1.4943e+02, 1.4768e+02, 1.4787e+02, 1.4726e+02, 4.1000e+07]])


Epoch : 165  BatchNum : 0  Loss : 280134863028224.0

y_pred:
tensor([[ 157.3857,  159.5765,  155.3677,  157.5175,  157.2074, 2327.1091]],
       grad_fn=<CopySlices>)

labels:
tensor([[1.4896e+02, 1.4943e+02, 1.4768e+02, 1.4787e+02, 1.4726e+02, 4.1000e+07]])


Epoch : 166  BatchNum : 0  Loss : 280134745587712.0

y_pred:
tensor([[ 157.3894,  159.5802,  155.3714,  157.5213,  157.2112, 2334.1814]],
       grad_fn=<CopySlices>)

labels:
tensor([[1.4896e+02, 1.4943e+02, 1.4768e+02, 1.4787e+02, 1.4726e+02, 4.1000e+07]])


Epoch : 167  BatchNum : 0  Loss : 280134678478848.0

y_pred:
tensor([[ 157.3918,  159.5826,  155.3738,  157.5237,  157.2135, 2341.2136]],
       grad_fn=<CopySlices>)

labels:
tensor([[1.4896e+02, 1.4943e+02, 1.4768e+02, 1.4787e+02, 1.4726e+02, 4.1000e+07]])


Epoch : 168  BatchNum : 0  Loss : 280134594592768.0

y_pred:
tensor([[ 157.3953,  159.5861,  155.3773,  157.5273,  157.2170, 2348.2415]],
       grad_fn=<CopySlices>)

labels:
tensor([[1.4896e+02, 1.4943e+02, 1.4768e+02, 1.4787e+02, 1.4726e+02, 4.1000e+07]])


Epoch : 169  BatchNum : 0  Loss : 280134477152256.0

y_pred:
tensor([[ 157.3979,  159.5888,  155.3800,  157.5300,  157.2197, 2355.2361]],
       grad_fn=<CopySlices>)

labels:
tensor([[1.4896e+02, 1.4943e+02, 1.4768e+02, 1.4787e+02, 1.4726e+02, 4.1000e+07]])


Epoch : 170  BatchNum : 0  Loss : 280134359711744.0

y_pred:
tensor([[ 157.3991,  159.5899,  155.3812,  157.5311,  157.2207, 2362.1860]],
       grad_fn=<CopySlices>)

labels:
tensor([[1.4896e+02, 1.4943e+02, 1.4768e+02, 1.4787e+02, 1.4726e+02, 4.1000e+07]])


Epoch : 171  BatchNum : 0  Loss : 280134292602880.0

y_pred:
tensor([[ 157.4018,  159.5926,  155.3839,  157.5338,  157.2234, 2369.1423]],
       grad_fn=<CopySlices>)

labels:
tensor([[1.4896e+02, 1.4943e+02, 1.4768e+02, 1.4787e+02, 1.4726e+02, 4.1000e+07]])


Epoch : 172  BatchNum : 0  Loss : 280134191939584.0

y_pred:
tensor([[ 157.4048,  159.5956,  155.3869,  157.5368,  157.2264, 2376.0813]],
       grad_fn=<CopySlices>)

labels:
tensor([[1.4896e+02, 1.4943e+02, 1.4768e+02, 1.4787e+02, 1.4726e+02, 4.1000e+07]])


Epoch : 173  BatchNum : 0  Loss : 280134091276288.0

y_pred:
tensor([[ 157.4078,  159.5986,  155.3900,  157.5399,  157.2294, 2383.0007]],
       grad_fn=<CopySlices>)

labels:
tensor([[1.4896e+02, 1.4943e+02, 1.4768e+02, 1.4787e+02, 1.4726e+02, 4.1000e+07]])


Epoch : 174  BatchNum : 0  Loss : 280134024167424.0

y_pred:
tensor([[ 157.4099,  159.6008,  155.3922,  157.5421,  157.2315, 2389.8882]],
       grad_fn=<CopySlices>)

labels:
tensor([[1.4896e+02, 1.4943e+02, 1.4768e+02, 1.4787e+02, 1.4726e+02, 4.1000e+07]])


Epoch : 175  BatchNum : 0  Loss : 280133923504128.0

y_pred:
tensor([[ 157.4112,  159.6022,  155.3936,  157.5435,  157.2329, 2396.7446]],
       grad_fn=<CopySlices>)

labels:
tensor([[1.4896e+02, 1.4943e+02, 1.4768e+02, 1.4787e+02, 1.4726e+02, 4.1000e+07]])


Epoch : 176  BatchNum : 0  Loss : 280133806063616.0

y_pred:
tensor([[ 157.4140,  159.6049,  155.3964,  157.5462,  157.2356, 2403.5999]],
       grad_fn=<CopySlices>)

labels:
tensor([[1.4896e+02, 1.4943e+02, 1.4768e+02, 1.4787e+02, 1.4726e+02, 4.1000e+07]])


Epoch : 177  BatchNum : 0  Loss : 280133688623104.0

y_pred:
tensor([[ 157.4179,  159.6088,  155.4003,  157.5502,  157.2395, 2410.4558]],
       grad_fn=<CopySlices>)

labels:
tensor([[1.4896e+02, 1.4943e+02, 1.4768e+02, 1.4787e+02, 1.4726e+02, 4.1000e+07]])


Epoch : 178  BatchNum : 0  Loss : 280133655068672.0

y_pred:
tensor([[ 157.4200,  159.6109,  155.4024,  157.5523,  157.2415, 2417.2644]],
       grad_fn=<CopySlices>)

labels:
tensor([[1.4896e+02, 1.4943e+02, 1.4768e+02, 1.4787e+02, 1.4726e+02, 4.1000e+07]])


Epoch : 179  BatchNum : 0  Loss : 280133537628160.0

y_pred:
tensor([[ 157.4216,  159.6126,  155.4041,  157.5540,  157.2432, 2424.0466]],
       grad_fn=<CopySlices>)

labels:
tensor([[1.4896e+02, 1.4943e+02, 1.4768e+02, 1.4787e+02, 1.4726e+02, 4.1000e+07]])


Epoch : 180  BatchNum : 0  Loss : 280133420187648.0

y_pred:
tensor([[ 157.4241,  159.6151,  155.4066,  157.5565,  157.2457, 2430.8254]],
       grad_fn=<CopySlices>)

labels:
tensor([[1.4896e+02, 1.4943e+02, 1.4768e+02, 1.4787e+02, 1.4726e+02, 4.1000e+07]])


Epoch : 181  BatchNum : 0  Loss : 280133386633216.0

y_pred:
tensor([[ 157.4265,  159.6175,  155.4090,  157.5590,  157.2480, 2437.5823]],
       grad_fn=<CopySlices>)

labels:
tensor([[1.4896e+02, 1.4943e+02, 1.4768e+02, 1.4787e+02, 1.4726e+02, 4.1000e+07]])


Epoch : 182  BatchNum : 0  Loss : 280133269192704.0

y_pred:
tensor([[ 157.4287,  159.6198,  155.4113,  157.5613,  157.2503, 2444.3201]],
       grad_fn=<CopySlices>)

labels:
tensor([[1.4896e+02, 1.4943e+02, 1.4768e+02, 1.4787e+02, 1.4726e+02, 4.1000e+07]])


Epoch : 183  BatchNum : 0  Loss : 280133151752192.0

y_pred:
tensor([[ 157.4316,  159.6228,  155.4142,  157.5642,  157.2532, 2451.0483]],
       grad_fn=<CopySlices>)

labels:
tensor([[1.4896e+02, 1.4943e+02, 1.4768e+02, 1.4787e+02, 1.4726e+02, 4.1000e+07]])


Epoch : 184  BatchNum : 0  Loss : 280133118197760.0

y_pred:
tensor([[ 157.4346,  159.6256,  155.4172,  157.5671,  157.2561, 2457.7583]],
       grad_fn=<CopySlices>)

labels:
tensor([[1.4896e+02, 1.4943e+02, 1.4768e+02, 1.4787e+02, 1.4726e+02, 4.1000e+07]])


Epoch : 185  BatchNum : 0  Loss : 280133000757248.0

y_pred:
tensor([[ 157.4359,  159.6270,  155.4185,  157.5685,  157.2574, 2464.4270]],
       grad_fn=<CopySlices>)

labels:
tensor([[1.4896e+02, 1.4943e+02, 1.4768e+02, 1.4787e+02, 1.4726e+02, 4.1000e+07]])


Epoch : 186  BatchNum : 0  Loss : 280132883316736.0

y_pred:
tensor([[ 157.4377,  159.6288,  155.4204,  157.5703,  157.2592, 2471.0835]],
       grad_fn=<CopySlices>)

labels:
tensor([[1.4896e+02, 1.4943e+02, 1.4768e+02, 1.4787e+02, 1.4726e+02, 4.1000e+07]])


Epoch : 187  BatchNum : 0  Loss : 280132816207872.0

y_pred:
tensor([[ 157.4409,  159.6320,  155.4236,  157.5735,  157.2624, 2477.7461]],
       grad_fn=<CopySlices>)

labels:
tensor([[1.4896e+02, 1.4943e+02, 1.4768e+02, 1.4787e+02, 1.4726e+02, 4.1000e+07]])


Epoch : 188  BatchNum : 0  Loss : 280132715544576.0

y_pred:
tensor([[ 157.4438,  159.6349,  155.4266,  157.5765,  157.2653, 2484.3857]],
       grad_fn=<CopySlices>)

labels:
tensor([[1.4896e+02, 1.4943e+02, 1.4768e+02, 1.4787e+02, 1.4726e+02, 4.1000e+07]])


Epoch : 189  BatchNum : 0  Loss : 280132614881280.0

y_pred:
tensor([[ 157.4455,  159.6367,  155.4283,  157.5782,  157.2670, 2490.9897]],
       grad_fn=<CopySlices>)

labels:
tensor([[1.4896e+02, 1.4943e+02, 1.4768e+02, 1.4787e+02, 1.4726e+02, 4.1000e+07]])


Epoch : 190  BatchNum : 0  Loss : 280132547772416.0

y_pred:
tensor([[ 157.4491,  159.6403,  155.4319,  157.5818,  157.2705, 2497.6050]],
       grad_fn=<CopySlices>)

labels:
tensor([[1.4896e+02, 1.4943e+02, 1.4768e+02, 1.4787e+02, 1.4726e+02, 4.1000e+07]])


Epoch : 191  BatchNum : 0  Loss : 280132447109120.0

y_pred:
tensor([[ 157.4502,  159.6414,  155.4330,  157.5830,  157.2716, 2504.1670]],
       grad_fn=<CopySlices>)

labels:
tensor([[1.4896e+02, 1.4943e+02, 1.4768e+02, 1.4787e+02, 1.4726e+02, 4.1000e+07]])


Epoch : 192  BatchNum : 0  Loss : 280132329668608.0

y_pred:
tensor([[ 157.4519,  159.6431,  155.4347,  157.5846,  157.2733, 2510.7178]],
       grad_fn=<CopySlices>)

labels:
tensor([[1.4896e+02, 1.4943e+02, 1.4768e+02, 1.4787e+02, 1.4726e+02, 4.1000e+07]])


Epoch : 193  BatchNum : 0  Loss : 280132279336960.0

y_pred:
tensor([[ 157.4539,  159.6452,  155.4368,  157.5868,  157.2754, 2517.2590]],
       grad_fn=<CopySlices>)

labels:
tensor([[1.4896e+02, 1.4943e+02, 1.4768e+02, 1.4787e+02, 1.4726e+02, 4.1000e+07]])


Epoch : 194  BatchNum : 0  Loss : 280132178673664.0

y_pred:
tensor([[ 157.4558,  159.6471,  155.4388,  157.5887,  157.2773, 2523.7815]],
       grad_fn=<CopySlices>)

labels:
tensor([[1.4896e+02, 1.4943e+02, 1.4768e+02, 1.4787e+02, 1.4726e+02, 4.1000e+07]])


Epoch : 195  BatchNum : 0  Loss : 280132061233152.0

y_pred:
tensor([[ 157.4590,  159.6502,  155.4419,  157.5919,  157.2803, 2530.3076]],
       grad_fn=<CopySlices>)

labels:
tensor([[1.4896e+02, 1.4943e+02, 1.4768e+02, 1.4787e+02, 1.4726e+02, 4.1000e+07]])


Epoch : 196  BatchNum : 0  Loss : 280132010901504.0

y_pred:
tensor([[ 157.4595,  159.6507,  155.4424,  157.5924,  157.2808, 2536.7734]],
       grad_fn=<CopySlices>)

labels:
tensor([[1.4896e+02, 1.4943e+02, 1.4768e+02, 1.4787e+02, 1.4726e+02, 4.1000e+07]])


Epoch : 197  BatchNum : 0  Loss : 280131910238208.0

y_pred:
tensor([[ 157.4634,  159.6547,  155.4463,  157.5964,  157.2848, 2543.2795]],
       grad_fn=<CopySlices>)

labels:
tensor([[1.4896e+02, 1.4943e+02, 1.4768e+02, 1.4787e+02, 1.4726e+02, 4.1000e+07]])


Epoch : 198  BatchNum : 0  Loss : 280131843129344.0

y_pred:
tensor([[ 157.4647,  159.6560,  155.4477,  157.5977,  157.2860, 2549.7278]],
       grad_fn=<CopySlices>)

labels:
tensor([[1.4896e+02, 1.4943e+02, 1.4768e+02, 1.4787e+02, 1.4726e+02, 4.1000e+07]])


Epoch : 199  BatchNum : 0  Loss : 280131725688832.0

y_pred:
tensor([[ 157.4668,  159.6581,  155.4498,  157.5999,  157.2881, 2556.1714]],
       grad_fn=<CopySlices>)

labels:
tensor([[1.4896e+02, 1.4943e+02, 1.4768e+02, 1.4787e+02, 1.4726e+02, 4.1000e+07]])


Epoch : 200  BatchNum : 0  Loss : 280131641802752.0

y_pred:
tensor([[ 157.4694,  159.6608,  155.4525,  157.6026,  157.2908, 2562.6064]],
       grad_fn=<CopySlices>)

labels:
tensor([[1.4896e+02, 1.4943e+02, 1.4768e+02, 1.4787e+02, 1.4726e+02, 4.1000e+07]])


Epoch : 201  BatchNum : 0  Loss : 280131574693888.0

y_pred:
tensor([[ 157.4709,  159.6623,  155.4540,  157.6040,  157.2923, 2569.0107]],
       grad_fn=<CopySlices>)

labels:
tensor([[1.4896e+02, 1.4943e+02, 1.4768e+02, 1.4787e+02, 1.4726e+02, 4.1000e+07]])


Epoch : 202  BatchNum : 0  Loss : 280131457253376.0

y_pred:
tensor([[ 157.4738,  159.6652,  155.4569,  157.6069,  157.2951, 2575.4175]],
       grad_fn=<CopySlices>)

labels:
tensor([[1.4896e+02, 1.4943e+02, 1.4768e+02, 1.4787e+02, 1.4726e+02, 4.1000e+07]])


Epoch : 203  BatchNum : 0  Loss : 280131406921728.0

y_pred:
tensor([[ 157.4756,  159.6670,  155.4587,  157.6087,  157.2969, 2581.7939]],
       grad_fn=<CopySlices>)

labels:
tensor([[1.4896e+02, 1.4943e+02, 1.4768e+02, 1.4787e+02, 1.4726e+02, 4.1000e+07]])


Epoch : 204  BatchNum : 0  Loss : 280131306258432.0

y_pred:
tensor([[ 157.4780,  159.6694,  155.4611,  157.6112,  157.2993, 2588.1636]],
       grad_fn=<CopySlices>)

labels:
tensor([[1.4896e+02, 1.4943e+02, 1.4768e+02, 1.4787e+02, 1.4726e+02, 4.1000e+07]])


Epoch : 205  BatchNum : 0  Loss : 280131188817920.0

y_pred:
tensor([[ 157.4799,  159.6713,  155.4631,  157.6132,  157.3012, 2594.5110]],
       grad_fn=<CopySlices>)

labels:
tensor([[1.4896e+02, 1.4943e+02, 1.4768e+02, 1.4787e+02, 1.4726e+02, 4.1000e+07]])


Epoch : 206  BatchNum : 0  Loss : 280131138486272.0

y_pred:
tensor([[ 157.4828,  159.6743,  155.4660,  157.6160,  157.3041, 2600.8584]],
       grad_fn=<CopySlices>)

labels:
tensor([[1.4896e+02, 1.4943e+02, 1.4768e+02, 1.4787e+02, 1.4726e+02, 4.1000e+07]])


Epoch : 207  BatchNum : 0  Loss : 280131037822976.0

y_pred:
tensor([[ 157.4834,  159.6749,  155.4666,  157.6167,  157.3047, 2607.1523]],
       grad_fn=<CopySlices>)

labels:
tensor([[1.4896e+02, 1.4943e+02, 1.4768e+02, 1.4787e+02, 1.4726e+02, 4.1000e+07]])


Epoch : 208  BatchNum : 0  Loss : 280130970714112.0

y_pred:
tensor([[ 157.4856,  159.6770,  155.4687,  157.6188,  157.3068, 2613.4583]],
       grad_fn=<CopySlices>)

labels:
tensor([[1.4896e+02, 1.4943e+02, 1.4768e+02, 1.4787e+02, 1.4726e+02, 4.1000e+07]])


Epoch : 209  BatchNum : 0  Loss : 280130853273600.0

y_pred:
tensor([[ 157.4885,  159.6800,  155.4718,  157.6219,  157.3098, 2619.7632]],
       grad_fn=<CopySlices>)

labels:
tensor([[1.4896e+02, 1.4943e+02, 1.4768e+02, 1.4787e+02, 1.4726e+02, 4.1000e+07]])


Epoch : 210  BatchNum : 0  Loss : 280130735833088.0

y_pred:
tensor([[ 157.4897,  159.6812,  155.4729,  157.6231,  157.3109, 2626.0227]],
       grad_fn=<CopySlices>)

labels:
tensor([[1.4896e+02, 1.4943e+02, 1.4768e+02, 1.4787e+02, 1.4726e+02, 4.1000e+07]])


Epoch : 211  BatchNum : 0  Loss : 280130702278656.0

y_pred:
tensor([[ 157.4919,  159.6834,  155.4752,  157.6253,  157.3132, 2632.2837]],
       grad_fn=<CopySlices>)

labels:
tensor([[1.4896e+02, 1.4943e+02, 1.4768e+02, 1.4787e+02, 1.4726e+02, 4.1000e+07]])


Epoch : 212  BatchNum : 0  Loss : 280130584838144.0

y_pred:
tensor([[ 157.4937,  159.6852,  155.4770,  157.6271,  157.3149, 2638.5225]],
       grad_fn=<CopySlices>)

labels:
tensor([[1.4896e+02, 1.4943e+02, 1.4768e+02, 1.4787e+02, 1.4726e+02, 4.1000e+07]])


Epoch : 213  BatchNum : 0  Loss : 280130534506496.0

y_pred:
tensor([[ 157.4951,  159.6867,  155.4785,  157.6286,  157.3164, 2644.7449]],
       grad_fn=<CopySlices>)

labels:
tensor([[1.4896e+02, 1.4943e+02, 1.4768e+02, 1.4787e+02, 1.4726e+02, 4.1000e+07]])


Epoch : 214  BatchNum : 0  Loss : 280130433843200.0

y_pred:
tensor([[ 157.4969,  159.6886,  155.4803,  157.6303,  157.3182, 2650.9561]],
       grad_fn=<CopySlices>)

labels:
tensor([[1.4896e+02, 1.4943e+02, 1.4768e+02, 1.4787e+02, 1.4726e+02, 4.1000e+07]])


Epoch : 215  BatchNum : 0  Loss : 280130366734336.0

y_pred:
tensor([[ 157.4994,  159.6910,  155.4827,  157.6329,  157.3206, 2657.1636]],
       grad_fn=<CopySlices>)

labels:
tensor([[1.4896e+02, 1.4943e+02, 1.4768e+02, 1.4787e+02, 1.4726e+02, 4.1000e+07]])


Epoch : 216  BatchNum : 0  Loss : 280130249293824.0

y_pred:
tensor([[ 157.5014,  159.6931,  155.4848,  157.6350,  157.3227, 2663.3518]],
       grad_fn=<CopySlices>)

labels:
tensor([[1.4896e+02, 1.4943e+02, 1.4768e+02, 1.4787e+02, 1.4726e+02, 4.1000e+07]])


