
Starting from:
epoch = 0
batchNum = 0
batchSize = 1

Epoch : 0  BatchNum : 0  Loss : 109.16862487792969

y_pred:
tensor([[-0.0078, -0.0413, -0.0173,  0.0323, -0.0790, -0.0004, -0.0007, -0.0074,
          0.0166, -0.0816, -0.0821,  0.0643,  0.0008,  0.0093,  0.0768, -0.0056,
         -0.0219,  0.0139,  0.0059,  0.0442, -0.0326,  0.0421, -0.0851,  0.0504,
         -0.0269,  0.0762,  0.0215,  0.1029, -0.0618,  0.0027, -0.0026, -0.0420,
         -0.0530, -0.0978,  0.0139,  0.0572, -0.0338,  0.0571, -0.0401,  0.0299,
          0.0418,  0.0621,  0.0561,  0.0520, -0.0216,  0.1379, -0.0754, -0.0200,
          0.0040,  0.0127, -0.0483,  0.0047,  0.0038,  0.0347,  0.0944, -0.0500,
          0.1242, -0.0951, -0.0025,  0.0043, -0.0196, -0.0854, -0.0148, -0.0009,
          0.0318, -0.0345,  0.0584,  0.0135,  0.0707, -0.0406, -0.0806, -0.0366,
          0.0072, -0.0891,  0.1361]], grad_fn=<CopySlices>)

labels:
tensor([[10.4500, 10.4500, 10.4500, 10.4500, 10.4500, 10.4500, 10.4500, 10.4500,
         10.4500, 10.4500, 10.4500, 10.4500, 10.4500, 10.4500, 10.4500, 10.4500,
         10.4500, 10.4500, 10.4500, 10.4500, 10.4500, 10.4500, 10.4500, 10.4500,
         10.4500, 10.4500, 10.4500, 10.4500, 10.4500, 10.4500, 10.4500, 10.4500,
         10.4500, 10.4500, 10.4500, 10.4500, 10.4500, 10.4500, 10.4500, 10.4500,
         10.4500, 10.4500, 10.4500, 10.4500, 10.4500, 10.4500, 10.4500, 10.4500,
         10.4500, 10.4500, 10.4500, 10.4500, 10.4500, 10.4500, 10.4500, 10.4500,
         10.4500, 10.4500, 10.4500, 10.4500, 10.4500, 10.4500, 10.4500, 10.4500,
         10.4500, 10.4500, 10.4500, 10.4500, 10.4500, 10.4500, 10.4500, 10.4500,
         10.4500, 10.4500, 10.4500]])


Epoch : 1  BatchNum : 0  Loss : 24.82572364807129

y_pred:
tensor([[5.4012, 4.7982, 5.1551, 5.1778, 5.5262, 5.2242, 4.6022, 5.0800, 5.4880,
         5.6638, 5.6342, 5.8131, 4.8538, 5.5240, 5.7309, 5.7075, 5.0520, 5.3729,
         6.4345, 5.2457, 5.6326, 5.2294, 4.8784, 4.9844, 5.0986, 5.5616, 5.5809,
         5.6238, 5.1505, 5.8056, 6.3508, 5.2935, 5.0623, 4.6873, 6.0990, 6.6325,
         5.4601, 6.3054, 5.6179, 5.8032, 4.9431, 5.4857, 5.6485, 6.8179, 5.5172,
         6.1751, 4.8811, 5.3724, 5.4474, 5.6868, 6.3361, 6.0510, 6.0598, 5.2065,
         5.3979, 5.1969, 5.6958, 4.7470, 5.5510, 4.6238, 6.1074, 5.3117, 5.8889,
         5.2026, 6.0113, 4.2575, 5.9053, 5.9899, 5.4837, 6.4230, 5.0285, 4.9039,
         5.6546, 5.0081, 5.6267]], grad_fn=<CopySlices>)

labels:
tensor([[10.4500, 10.4500, 10.4500, 10.4500, 10.4500, 10.4500, 10.4500, 10.4500,
         10.4500, 10.4500, 10.4500, 10.4500, 10.4500, 10.4500, 10.4500, 10.4500,
         10.4500, 10.4500, 10.4500, 10.4500, 10.4500, 10.4500, 10.4500, 10.4500,
         10.4500, 10.4500, 10.4500, 10.4500, 10.4500, 10.4500, 10.4500, 10.4500,
         10.4500, 10.4500, 10.4500, 10.4500, 10.4500, 10.4500, 10.4500, 10.4500,
         10.4500, 10.4500, 10.4500, 10.4500, 10.4500, 10.4500, 10.4500, 10.4500,
         10.4500, 10.4500, 10.4500, 10.4500, 10.4500, 10.4500, 10.4500, 10.4500,
         10.4500, 10.4500, 10.4500, 10.4500, 10.4500, 10.4500, 10.4500, 10.4500,
         10.4500, 10.4500, 10.4500, 10.4500, 10.4500, 10.4500, 10.4500, 10.4500,
         10.4500, 10.4500, 10.4500]])


Epoch : 2  BatchNum : 0  Loss : 12.522387504577637

y_pred:
tensor([[6.8610, 6.3031, 6.6338, 6.6545, 6.9759, 6.6978, 6.1198, 6.5649, 6.9403,
         7.1011, 7.0737, 7.2364, 6.3545, 6.9729, 7.1612, 7.1401, 6.5382, 6.8345,
         7.7933, 6.7173, 7.0724, 6.7021, 6.3772, 6.4760, 6.5812, 7.0077, 7.0253,
         7.0644, 6.6295, 7.2298, 7.7198, 6.7614, 6.5480, 6.1996, 7.4945, 7.9686,
         6.9148, 7.6792, 7.0585, 7.2274, 6.4375, 6.9377, 7.0869, 8.1313, 6.9667,
         7.5627, 6.3807, 6.8344, 6.9031, 7.1213, 7.7067, 7.4512, 7.4589, 6.6814,
         6.8572, 6.6726, 7.1298, 6.2558, 6.9976, 6.1400, 7.5017, 6.7782, 7.3048,
         6.6782, 7.4157, 5.7971, 7.3197, 7.3961, 6.9368, 7.7834, 6.5172, 6.4014,
         7.0923, 6.4978, 7.0671]], grad_fn=<CopySlices>)

labels:
tensor([[10.4500, 10.4500, 10.4500, 10.4500, 10.4500, 10.4500, 10.4500, 10.4500,
         10.4500, 10.4500, 10.4500, 10.4500, 10.4500, 10.4500, 10.4500, 10.4500,
         10.4500, 10.4500, 10.4500, 10.4500, 10.4500, 10.4500, 10.4500, 10.4500,
         10.4500, 10.4500, 10.4500, 10.4500, 10.4500, 10.4500, 10.4500, 10.4500,
         10.4500, 10.4500, 10.4500, 10.4500, 10.4500, 10.4500, 10.4500, 10.4500,
         10.4500, 10.4500, 10.4500, 10.4500, 10.4500, 10.4500, 10.4500, 10.4500,
         10.4500, 10.4500, 10.4500, 10.4500, 10.4500, 10.4500, 10.4500, 10.4500,
         10.4500, 10.4500, 10.4500, 10.4500, 10.4500, 10.4500, 10.4500, 10.4500,
         10.4500, 10.4500, 10.4500, 10.4500, 10.4500, 10.4500, 10.4500, 10.4500,
         10.4500, 10.4500, 10.4500]])


Epoch : 3  BatchNum : 0  Loss : 6.860905170440674

y_pred:
tensor([[7.7946, 7.2866, 7.5887, 7.6078, 7.8983, 7.6472, 7.1176, 7.5264, 7.8659,
         8.0106, 7.9856, 8.1308, 7.3341, 7.8949, 8.0637, 8.0450, 7.5019, 7.7707,
         8.6193, 7.6645, 7.9847, 7.6513, 7.3546, 7.4451, 7.5412, 7.9269, 7.9421,
         7.9775, 7.5849, 8.1252, 8.5556, 7.7044, 7.5108, 7.1913, 8.3587, 8.7699,
         7.8433, 8.5205, 7.9723, 8.1229, 7.4100, 7.8636, 7.9975, 8.9081, 7.8896,
         8.4187, 7.3582, 7.7705, 7.8326, 8.0283, 8.5445, 8.3210, 8.3276, 7.6324,
         7.7911, 7.6243, 8.0356, 7.2434, 7.9177, 7.1367, 8.3655, 7.7202, 8.1917,
         7.6294, 8.2901, 6.8193, 8.2051, 8.2723, 7.8630, 8.6106, 7.4826, 7.3768,
         8.0024, 7.4651, 7.9801]], grad_fn=<CopySlices>)

labels:
tensor([[10.4500, 10.4500, 10.4500, 10.4500, 10.4500, 10.4500, 10.4500, 10.4500,
         10.4500, 10.4500, 10.4500, 10.4500, 10.4500, 10.4500, 10.4500, 10.4500,
         10.4500, 10.4500, 10.4500, 10.4500, 10.4500, 10.4500, 10.4500, 10.4500,
         10.4500, 10.4500, 10.4500, 10.4500, 10.4500, 10.4500, 10.4500, 10.4500,
         10.4500, 10.4500, 10.4500, 10.4500, 10.4500, 10.4500, 10.4500, 10.4500,
         10.4500, 10.4500, 10.4500, 10.4500, 10.4500, 10.4500, 10.4500, 10.4500,
         10.4500, 10.4500, 10.4500, 10.4500, 10.4500, 10.4500, 10.4500, 10.4500,
         10.4500, 10.4500, 10.4500, 10.4500, 10.4500, 10.4500, 10.4500, 10.4500,
         10.4500, 10.4500, 10.4500, 10.4500, 10.4500, 10.4500, 10.4500, 10.4500,
         10.4500, 10.4500, 10.4500]])


Epoch : 4  BatchNum : 0  Loss : 3.895127058029175

y_pred:
tensor([[8.4529, 7.9969, 8.2691, 8.2861, 8.5451, 8.3216, 7.8427, 8.2136, 8.5166,
         8.6441, 8.6221, 8.7492, 8.0400, 8.5419, 8.6907, 8.6739, 8.1914, 8.4318,
         9.1688, 8.3369, 8.6215, 8.3249, 8.0582, 8.1404, 8.2264, 8.5706, 8.5838,
         8.6150, 8.2657, 8.7444, 9.1152, 8.3727, 8.1993, 7.9102, 8.9467, 9.2954,
         8.4966, 9.0854, 8.6102, 8.7426, 8.1085, 8.5139, 8.6325, 9.4098, 8.5373,
         8.9984, 8.0618, 8.4318, 8.4869, 8.6594, 9.1058, 8.9145, 8.9200, 8.3082,
         8.4498, 8.3015, 8.6659, 7.9577, 8.5623, 7.8607, 8.9526, 8.3872, 8.8022,
         8.3060, 8.8877, 7.5697, 8.8141, 8.8724, 8.5141, 9.1619, 8.1741, 8.0783,
         8.6369, 8.1583, 8.6173]], grad_fn=<CopySlices>)

labels:
tensor([[10.4500, 10.4500, 10.4500, 10.4500, 10.4500, 10.4500, 10.4500, 10.4500,
         10.4500, 10.4500, 10.4500, 10.4500, 10.4500, 10.4500, 10.4500, 10.4500,
         10.4500, 10.4500, 10.4500, 10.4500, 10.4500, 10.4500, 10.4500, 10.4500,
         10.4500, 10.4500, 10.4500, 10.4500, 10.4500, 10.4500, 10.4500, 10.4500,
         10.4500, 10.4500, 10.4500, 10.4500, 10.4500, 10.4500, 10.4500, 10.4500,
         10.4500, 10.4500, 10.4500, 10.4500, 10.4500, 10.4500, 10.4500, 10.4500,
         10.4500, 10.4500, 10.4500, 10.4500, 10.4500, 10.4500, 10.4500, 10.4500,
         10.4500, 10.4500, 10.4500, 10.4500, 10.4500, 10.4500, 10.4500, 10.4500,
         10.4500, 10.4500, 10.4500, 10.4500, 10.4500, 10.4500, 10.4500, 10.4500,
         10.4500, 10.4500, 10.4500]])


Epoch : 5  BatchNum : 0  Loss : 2.2539610862731934

y_pred:
tensor([[8.9359, 8.5314, 8.7742, 8.7891, 9.0167, 8.8207, 8.3926, 8.7248, 8.9918,
         9.1027, 9.0835, 9.1933, 8.5702, 9.0137, 9.1428, 9.1282, 8.7050, 8.9175,
         9.5474, 8.8340, 9.0833, 8.8233, 8.5863, 8.6597, 8.7361, 9.0388, 9.0502,
         9.0775, 8.7712, 9.1893, 9.5030, 8.8656, 8.7122, 8.4534, 9.3618, 9.6515,
         8.9744, 9.4784, 9.0732, 9.1874, 8.6312, 8.9894, 9.0925, 9.7442, 9.0097,
         9.4054, 8.5896, 8.9173, 8.9659, 9.1159, 9.4952, 9.3345, 9.3392, 8.8090,
         8.9333, 8.8025, 9.1215, 8.4963, 9.0317, 8.4086, 9.3667, 8.8783, 9.2388,
         8.8068, 9.3117, 8.1448, 9.2489, 9.2986, 8.9897, 9.5417, 8.6898, 8.6041,
         9.0964, 8.6756, 9.0795]], grad_fn=<CopySlices>)

labels:
tensor([[10.4500, 10.4500, 10.4500, 10.4500, 10.4500, 10.4500, 10.4500, 10.4500,
         10.4500, 10.4500, 10.4500, 10.4500, 10.4500, 10.4500, 10.4500, 10.4500,
         10.4500, 10.4500, 10.4500, 10.4500, 10.4500, 10.4500, 10.4500, 10.4500,
         10.4500, 10.4500, 10.4500, 10.4500, 10.4500, 10.4500, 10.4500, 10.4500,
         10.4500, 10.4500, 10.4500, 10.4500, 10.4500, 10.4500, 10.4500, 10.4500,
         10.4500, 10.4500, 10.4500, 10.4500, 10.4500, 10.4500, 10.4500, 10.4500,
         10.4500, 10.4500, 10.4500, 10.4500, 10.4500, 10.4500, 10.4500, 10.4500,
         10.4500, 10.4500, 10.4500, 10.4500, 10.4500, 10.4500, 10.4500, 10.4500,
         10.4500, 10.4500, 10.4500, 10.4500, 10.4500, 10.4500, 10.4500, 10.4500,
         10.4500, 10.4500, 10.4500]])


Epoch : 6  BatchNum : 0  Loss : 1.3200770616531372

y_pred:
tensor([[9.2970, 8.9420, 9.1563, 9.1693, 9.3669, 9.1969, 8.8182, 9.1130, 9.3452,
         9.4404, 9.4239, 9.5176, 8.9763, 9.3641, 9.4744, 9.4625, 9.0954, 9.2810,
         9.8121, 9.2084, 9.4238, 9.1991, 8.9908, 9.0556, 9.1229, 9.3856, 9.3955,
         9.4190, 9.1535, 9.5144, 9.7759, 9.2360, 9.1017, 8.8727, 9.6592, 9.8960,
         9.3303, 9.7558, 9.4154, 9.5126, 9.0305, 9.3432, 9.4319, 9.9695, 9.3609,
         9.6954, 8.9937, 9.2811, 9.3228, 9.4517, 9.7695, 9.6364, 9.6403, 9.1866,
         9.2946, 9.1811, 9.4566, 8.9108, 9.3796, 8.8328, 9.6633, 9.2471, 9.5558,
         9.1846, 9.6175, 8.5958, 9.5647, 9.6062, 9.3436, 9.8074, 9.0821, 9.0065,
         9.4352, 9.0695, 9.4208]], grad_fn=<CopySlices>)

labels:
tensor([[10.4500, 10.4500, 10.4500, 10.4500, 10.4500, 10.4500, 10.4500, 10.4500,
         10.4500, 10.4500, 10.4500, 10.4500, 10.4500, 10.4500, 10.4500, 10.4500,
         10.4500, 10.4500, 10.4500, 10.4500, 10.4500, 10.4500, 10.4500, 10.4500,
         10.4500, 10.4500, 10.4500, 10.4500, 10.4500, 10.4500, 10.4500, 10.4500,
         10.4500, 10.4500, 10.4500, 10.4500, 10.4500, 10.4500, 10.4500, 10.4500,
         10.4500, 10.4500, 10.4500, 10.4500, 10.4500, 10.4500, 10.4500, 10.4500,
         10.4500, 10.4500, 10.4500, 10.4500, 10.4500, 10.4500, 10.4500, 10.4500,
         10.4500, 10.4500, 10.4500, 10.4500, 10.4500, 10.4500, 10.4500, 10.4500,
         10.4500, 10.4500, 10.4500, 10.4500, 10.4500, 10.4500, 10.4500, 10.4500,
         10.4500, 10.4500, 10.4500]])


Epoch : 7  BatchNum : 0  Loss : 0.7791606187820435

y_pred:
tensor([[ 9.5700,  9.2617,  9.4486,  9.4597,  9.6297,  9.4837,  9.1520,  9.4112,
          9.6112,  9.6919,  9.6782,  9.7569,  9.2917,  9.6271,  9.7207,  9.7103,
          9.3957,  9.5565,  9.9984,  9.4936,  9.6780,  9.4857,  9.3042,  9.3613,
          9.4196,  9.6460,  9.6540,  9.6737,  9.4463,  9.7542,  9.9692,  9.5175,
          9.4012,  9.2004,  9.8742, 10.0650,  9.5985,  9.9531,  9.6706,  9.7528,
          9.3392,  9.6093,  9.6848, 10.1227,  9.6244,  9.9040,  9.3070,  9.5562,
          9.5921,  9.7014,  9.9642,  9.8555,  9.8588,  9.4747,  9.5679,  9.4701,
          9.7056,  9.2341,  9.6403,  9.1649,  9.8776,  9.5271,  9.7891,  9.4730,
          9.8399,  8.9537,  9.7962,  9.8307,  9.6097,  9.9946,  9.3841,  9.3182,
          9.6875,  9.3731,  9.6752]], grad_fn=<CopySlices>)

labels:
tensor([[10.4500, 10.4500, 10.4500, 10.4500, 10.4500, 10.4500, 10.4500, 10.4500,
         10.4500, 10.4500, 10.4500, 10.4500, 10.4500, 10.4500, 10.4500, 10.4500,
         10.4500, 10.4500, 10.4500, 10.4500, 10.4500, 10.4500, 10.4500, 10.4500,
         10.4500, 10.4500, 10.4500, 10.4500, 10.4500, 10.4500, 10.4500, 10.4500,
         10.4500, 10.4500, 10.4500, 10.4500, 10.4500, 10.4500, 10.4500, 10.4500,
         10.4500, 10.4500, 10.4500, 10.4500, 10.4500, 10.4500, 10.4500, 10.4500,
         10.4500, 10.4500, 10.4500, 10.4500, 10.4500, 10.4500, 10.4500, 10.4500,
         10.4500, 10.4500, 10.4500, 10.4500, 10.4500, 10.4500, 10.4500, 10.4500,
         10.4500, 10.4500, 10.4500, 10.4500, 10.4500, 10.4500, 10.4500, 10.4500,
         10.4500, 10.4500, 10.4500]])


Epoch : 8  BatchNum : 0  Loss : 0.4623229503631592

y_pred:
tensor([[ 9.7775,  9.5118,  9.6739,  9.6834,  9.8279,  9.7042,  9.4161,  9.6418,
          9.8123,  9.8802,  9.8686,  9.9343,  9.5382,  9.8259,  9.9041,  9.8956,
          9.6285,  9.7658, 10.1301,  9.7125,  9.8687,  9.7059,  9.5492,  9.5985,
          9.6491,  9.8416,  9.8485,  9.8652,  9.6719,  9.9319, 10.1072,  9.7326,
          9.6330,  9.4583, 10.0307, 10.1825,  9.8017, 10.0942,  9.8625,  9.9309,
          9.5794,  9.8108,  9.8743, 10.2268,  9.8236, 10.0548,  9.5514,  9.7659,
          9.7963,  9.8883, 10.1031, 10.0154, 10.0180,  9.6965,  9.7757,  9.6922,
          9.8915,  9.4879,  9.8370,  9.4274, 10.0332,  9.7412,  9.9608,  9.6948,
         10.0027,  9.2405,  9.9670,  9.9950,  9.8113, 10.1274,  9.6184,  9.5612,
          9.8766,  9.6088,  9.8662]], grad_fn=<CopySlices>)

labels:
tensor([[10.4500, 10.4500, 10.4500, 10.4500, 10.4500, 10.4500, 10.4500, 10.4500,
         10.4500, 10.4500, 10.4500, 10.4500, 10.4500, 10.4500, 10.4500, 10.4500,
         10.4500, 10.4500, 10.4500, 10.4500, 10.4500, 10.4500, 10.4500, 10.4500,
         10.4500, 10.4500, 10.4500, 10.4500, 10.4500, 10.4500, 10.4500, 10.4500,
         10.4500, 10.4500, 10.4500, 10.4500, 10.4500, 10.4500, 10.4500, 10.4500,
         10.4500, 10.4500, 10.4500, 10.4500, 10.4500, 10.4500, 10.4500, 10.4500,
         10.4500, 10.4500, 10.4500, 10.4500, 10.4500, 10.4500, 10.4500, 10.4500,
         10.4500, 10.4500, 10.4500, 10.4500, 10.4500, 10.4500, 10.4500, 10.4500,
         10.4500, 10.4500, 10.4500, 10.4500, 10.4500, 10.4500, 10.4500, 10.4500,
         10.4500, 10.4500, 10.4500]])


Epoch : 9  BatchNum : 0  Loss : 0.27581605315208435

y_pred:
tensor([[ 9.9355,  9.7084,  9.8477,  9.8561,  9.9777,  9.8734,  9.6250,  9.8202,
          9.9645, 10.0213, 10.0116, 10.0659,  9.7312,  9.9760, 10.0410, 10.0339,
          9.8090,  9.9258, 10.2233,  9.8805, 10.0118,  9.8748,  9.7406,  9.7831,
          9.8265,  9.9889,  9.9947, 10.0087,  9.8461, 10.0639, 10.2050,  9.8978,
          9.8129,  9.6620, 10.1442, 10.2640,  9.9557, 10.1949, 10.0064, 10.0632,
          9.7668,  9.9634, 10.0162, 10.2979,  9.9740, 10.1634,  9.7427,  9.9257,
          9.9513, 10.0279, 10.2020, 10.1320, 10.1340,  9.8669,  9.9340,  9.8633,
         10.0306,  9.6877,  9.9854,  9.6350, 10.1463,  9.9048, 10.0875,  9.8656,
         10.1217,  9.4707, 10.0925, 10.1154,  9.9638, 10.2208,  9.8003,  9.7509,
         10.0183,  9.7921, 10.0098]], grad_fn=<CopySlices>)

labels:
tensor([[10.4500, 10.4500, 10.4500, 10.4500, 10.4500, 10.4500, 10.4500, 10.4500,
         10.4500, 10.4500, 10.4500, 10.4500, 10.4500, 10.4500, 10.4500, 10.4500,
         10.4500, 10.4500, 10.4500, 10.4500, 10.4500, 10.4500, 10.4500, 10.4500,
         10.4500, 10.4500, 10.4500, 10.4500, 10.4500, 10.4500, 10.4500, 10.4500,
         10.4500, 10.4500, 10.4500, 10.4500, 10.4500, 10.4500, 10.4500, 10.4500,
         10.4500, 10.4500, 10.4500, 10.4500, 10.4500, 10.4500, 10.4500, 10.4500,
         10.4500, 10.4500, 10.4500, 10.4500, 10.4500, 10.4500, 10.4500, 10.4500,
         10.4500, 10.4500, 10.4500, 10.4500, 10.4500, 10.4500, 10.4500, 10.4500,
         10.4500, 10.4500, 10.4500, 10.4500, 10.4500, 10.4500, 10.4500, 10.4500,
         10.4500, 10.4500, 10.4500]])


Epoch : 10  BatchNum : 0  Loss : 0.1651037335395813

y_pred:
tensor([[10.0563,  9.8635,  9.9825,  9.9894, 10.0916, 10.0043,  9.7913,  9.9590,
         10.0804, 10.1274, 10.1193, 10.1638,  9.8831, 10.0901, 10.1435, 10.1379,
          9.9494, 10.0481, 10.2894, 10.0100, 10.1195, 10.0053,  9.8913,  9.9275,
          9.9645, 10.1007, 10.1054, 10.1169,  9.9810, 10.1623, 10.2753, 10.0245,
          9.9528,  9.8235, 10.2271, 10.3207, 10.0732, 10.2673, 10.1151, 10.1615,
          9.9135, 10.0795, 10.1233, 10.3462, 10.0883, 10.2423,  9.8929, 10.0480,
         10.0693, 10.1328, 10.2728, 10.2171, 10.2187,  9.9987, 10.0551,  9.9956,
         10.1350,  9.8457, 10.0977,  9.8001, 10.2287, 10.0305, 10.1814,  9.9974,
         10.2091,  9.6568, 10.1854, 10.2041, 10.0799, 10.2876,  9.9421,  9.9001,
         10.1249,  9.9353, 10.1179]], grad_fn=<CopySlices>)

labels:
tensor([[10.4500, 10.4500, 10.4500, 10.4500, 10.4500, 10.4500, 10.4500, 10.4500,
         10.4500, 10.4500, 10.4500, 10.4500, 10.4500, 10.4500, 10.4500, 10.4500,
         10.4500, 10.4500, 10.4500, 10.4500, 10.4500, 10.4500, 10.4500, 10.4500,
         10.4500, 10.4500, 10.4500, 10.4500, 10.4500, 10.4500, 10.4500, 10.4500,
         10.4500, 10.4500, 10.4500, 10.4500, 10.4500, 10.4500, 10.4500, 10.4500,
         10.4500, 10.4500, 10.4500, 10.4500, 10.4500, 10.4500, 10.4500, 10.4500,
         10.4500, 10.4500, 10.4500, 10.4500, 10.4500, 10.4500, 10.4500, 10.4500,
         10.4500, 10.4500, 10.4500, 10.4500, 10.4500, 10.4500, 10.4500, 10.4500,
         10.4500, 10.4500, 10.4500, 10.4500, 10.4500, 10.4500, 10.4500, 10.4500,
         10.4500, 10.4500, 10.4500]])


Epoch : 11  BatchNum : 0  Loss : 0.09905539453029633

y_pred:
tensor([[10.1487,  9.9862, 10.0871, 10.0929, 10.1779, 10.1054,  9.9242, 10.0675,
         10.1689, 10.2073, 10.2008, 10.2370, 10.0031, 10.1768, 10.2204, 10.2157,
         10.0592, 10.1419, 10.3363, 10.1101, 10.2009, 10.1061, 10.0098, 10.0408,
         10.0718, 10.1854, 10.1895, 10.1988, 10.0857, 10.2357, 10.3254, 10.1225,
         10.0623,  9.9518, 10.2875, 10.3602, 10.1628, 10.3190, 10.1972, 10.2351,
         10.0287, 10.1680, 10.2039, 10.3794, 10.1752, 10.2997, 10.0113, 10.1419,
         10.1596, 10.2118, 10.3235, 10.2796, 10.2811, 10.1006, 10.1478, 10.0982,
         10.2135,  9.9708, 10.1828,  9.9317, 10.2889, 10.1273, 10.2512, 10.0997,
         10.2732,  9.8071, 10.2543, 10.2691, 10.1684, 10.3348, 10.0531, 10.0173,
         10.2052, 10.0473, 10.1994]], grad_fn=<CopySlices>)

labels:
tensor([[10.4500, 10.4500, 10.4500, 10.4500, 10.4500, 10.4500, 10.4500, 10.4500,
         10.4500, 10.4500, 10.4500, 10.4500, 10.4500, 10.4500, 10.4500, 10.4500,
         10.4500, 10.4500, 10.4500, 10.4500, 10.4500, 10.4500, 10.4500, 10.4500,
         10.4500, 10.4500, 10.4500, 10.4500, 10.4500, 10.4500, 10.4500, 10.4500,
         10.4500, 10.4500, 10.4500, 10.4500, 10.4500, 10.4500, 10.4500, 10.4500,
         10.4500, 10.4500, 10.4500, 10.4500, 10.4500, 10.4500, 10.4500, 10.4500,
         10.4500, 10.4500, 10.4500, 10.4500, 10.4500, 10.4500, 10.4500, 10.4500,
         10.4500, 10.4500, 10.4500, 10.4500, 10.4500, 10.4500, 10.4500, 10.4500,
         10.4500, 10.4500, 10.4500, 10.4500, 10.4500, 10.4500, 10.4500, 10.4500,
         10.4500, 10.4500, 10.4500]])


Epoch : 12  BatchNum : 0  Loss : 0.05966556444764137

y_pred:
tensor([[10.2194, 10.0829, 10.1682, 10.1729, 10.2432, 10.1832, 10.0299, 10.1517,
         10.2359, 10.2672, 10.2619, 10.2912, 10.0972, 10.2422, 10.2780, 10.2743,
         10.1447, 10.2137, 10.3694, 10.1875, 10.2620, 10.1840, 10.1030, 10.1293,
         10.1555, 10.2495, 10.2526, 10.2603, 10.1670, 10.2901, 10.3609, 10.1976,
         10.1472, 10.0536, 10.3315, 10.3876, 10.2308, 10.3561, 10.2591, 10.2897,
         10.1192, 10.2351, 10.2646, 10.4018, 10.2411, 10.3410, 10.1044, 10.2137,
         10.2283, 10.2708, 10.3595, 10.3254, 10.3264, 10.1796, 10.2184, 10.1773,
         10.2723, 10.0699, 10.2475, 10.0364, 10.3327, 10.2015, 10.3026, 10.1788,
         10.3202,  9.9286, 10.3052, 10.3170, 10.2355, 10.3685, 10.1397, 10.1095,
         10.2655, 10.1346, 10.2608]], grad_fn=<CopySlices>)

labels:
tensor([[10.4500, 10.4500, 10.4500, 10.4500, 10.4500, 10.4500, 10.4500, 10.4500,
         10.4500, 10.4500, 10.4500, 10.4500, 10.4500, 10.4500, 10.4500, 10.4500,
         10.4500, 10.4500, 10.4500, 10.4500, 10.4500, 10.4500, 10.4500, 10.4500,
         10.4500, 10.4500, 10.4500, 10.4500, 10.4500, 10.4500, 10.4500, 10.4500,
         10.4500, 10.4500, 10.4500, 10.4500, 10.4500, 10.4500, 10.4500, 10.4500,
         10.4500, 10.4500, 10.4500, 10.4500, 10.4500, 10.4500, 10.4500, 10.4500,
         10.4500, 10.4500, 10.4500, 10.4500, 10.4500, 10.4500, 10.4500, 10.4500,
         10.4500, 10.4500, 10.4500, 10.4500, 10.4500, 10.4500, 10.4500, 10.4500,
         10.4500, 10.4500, 10.4500, 10.4500, 10.4500, 10.4500, 10.4500, 10.4500,
         10.4500, 10.4500, 10.4500]])


Epoch : 13  BatchNum : 0  Loss : 0.03609970211982727

y_pred:
tensor([[10.2733, 10.1593, 10.2309, 10.2349, 10.2927, 10.2434, 10.1143, 10.2172,
         10.2867, 10.3122, 10.3078, 10.3316, 10.1714, 10.2919, 10.3209, 10.3179,
         10.2114, 10.2687, 10.3927, 10.2469, 10.3081, 10.2440, 10.1762, 10.1984,
         10.2203, 10.2979, 10.3005, 10.3067, 10.2299, 10.3307, 10.3864, 10.2554,
         10.2134, 10.1343, 10.3636, 10.4065, 10.2826, 10.3826, 10.3057, 10.3302,
         10.1900, 10.2861, 10.3102, 10.4170, 10.2909, 10.3708, 10.1773, 10.2685,
         10.2806, 10.3151, 10.3850, 10.3586, 10.3594, 10.2402, 10.2724, 10.2385,
         10.3163, 10.1483, 10.2963, 10.1197, 10.3642, 10.2585, 10.3407, 10.2396,
         10.3546, 10.0269, 10.3427, 10.3519, 10.2864, 10.3919, 10.2070, 10.1816,
         10.3110, 10.2029, 10.3071]], grad_fn=<CopySlices>)

labels:
tensor([[10.4500, 10.4500, 10.4500, 10.4500, 10.4500, 10.4500, 10.4500, 10.4500,
         10.4500, 10.4500, 10.4500, 10.4500, 10.4500, 10.4500, 10.4500, 10.4500,
         10.4500, 10.4500, 10.4500, 10.4500, 10.4500, 10.4500, 10.4500, 10.4500,
         10.4500, 10.4500, 10.4500, 10.4500, 10.4500, 10.4500, 10.4500, 10.4500,
         10.4500, 10.4500, 10.4500, 10.4500, 10.4500, 10.4500, 10.4500, 10.4500,
         10.4500, 10.4500, 10.4500, 10.4500, 10.4500, 10.4500, 10.4500, 10.4500,
         10.4500, 10.4500, 10.4500, 10.4500, 10.4500, 10.4500, 10.4500, 10.4500,
         10.4500, 10.4500, 10.4500, 10.4500, 10.4500, 10.4500, 10.4500, 10.4500,
         10.4500, 10.4500, 10.4500, 10.4500, 10.4500, 10.4500, 10.4500, 10.4500,
         10.4500, 10.4500, 10.4500]])


Epoch : 14  BatchNum : 0  Loss : 0.021840332075953484

y_pred:
tensor([[10.3146, 10.2199, 10.2799, 10.2832, 10.3305, 10.2904, 10.1816, 10.2684,
         10.3257, 10.3463, 10.3429, 10.3619, 10.2302, 10.3300, 10.3533, 10.3508,
         10.2635, 10.3108, 10.4095, 10.2930, 10.3429, 10.2909, 10.2343, 10.2528,
         10.2711, 10.3348, 10.3368, 10.3419, 10.2791, 10.3612, 10.4045, 10.2998,
         10.2654, 10.1989, 10.3869, 10.4197, 10.3225, 10.4016, 10.3411, 10.3607,
         10.2457, 10.3253, 10.3446, 10.4274, 10.3292, 10.3926, 10.2352, 10.3109,
         10.3207, 10.3486, 10.4036, 10.3831, 10.3838, 10.2876, 10.3142, 10.2860,
         10.3496, 10.2106, 10.3333, 10.1864, 10.3874, 10.3028, 10.3689, 10.2871,
         10.3799, 10.1067, 10.3706, 10.3781, 10.3255, 10.4090, 10.2600, 10.2389,
         10.3452, 10.2566, 10.3421]], grad_fn=<CopySlices>)

labels:
tensor([[10.4500, 10.4500, 10.4500, 10.4500, 10.4500, 10.4500, 10.4500, 10.4500,
         10.4500, 10.4500, 10.4500, 10.4500, 10.4500, 10.4500, 10.4500, 10.4500,
         10.4500, 10.4500, 10.4500, 10.4500, 10.4500, 10.4500, 10.4500, 10.4500,
         10.4500, 10.4500, 10.4500, 10.4500, 10.4500, 10.4500, 10.4500, 10.4500,
         10.4500, 10.4500, 10.4500, 10.4500, 10.4500, 10.4500, 10.4500, 10.4500,
         10.4500, 10.4500, 10.4500, 10.4500, 10.4500, 10.4500, 10.4500, 10.4500,
         10.4500, 10.4500, 10.4500, 10.4500, 10.4500, 10.4500, 10.4500, 10.4500,
         10.4500, 10.4500, 10.4500, 10.4500, 10.4500, 10.4500, 10.4500, 10.4500,
         10.4500, 10.4500, 10.4500, 10.4500, 10.4500, 10.4500, 10.4500, 10.4500,
         10.4500, 10.4500, 10.4500]])



Starting from:
epoch = 14
batchNum = 682
batchSize = 1

Epoch : 15  BatchNum : 0  Loss : 0.01324231456965208

y_pred:
tensor([[10.3464, 10.2681, 10.3180, 10.3206, 10.3593, 10.3265, 10.2357, 10.3084,
         10.3554, 10.3720, 10.3693, 10.3843, 10.2764, 10.3588, 10.3778, 10.3757,
         10.3044, 10.3434, 10.4215, 10.3288, 10.3692, 10.3271, 10.2799, 10.2955,
         10.3106, 10.3627, 10.3644, 10.3684, 10.3173, 10.3837, 10.4177, 10.3344,
         10.3059, 10.2502, 10.4039, 10.4290, 10.3527, 10.4154, 10.3677, 10.3835,
         10.2894, 10.3549, 10.3706, 10.4350, 10.3582, 10.4084, 10.2807, 10.3433,
         10.3513, 10.3738, 10.4168, 10.4011, 10.4017, 10.3241, 10.3459, 10.3230,
         10.3745, 10.2600, 10.3614, 10.2397, 10.4047, 10.3367, 10.3901, 10.3238,
         10.3986, 10.1719, 10.3912, 10.3971, 10.3553, 10.4209, 10.3014, 10.2839,
         10.3711, 10.2986, 10.3687]], grad_fn=<CopySlices>)

labels:
tensor([[10.4500, 10.4500, 10.4500, 10.4500, 10.4500, 10.4500, 10.4500, 10.4500,
         10.4500, 10.4500, 10.4500, 10.4500, 10.4500, 10.4500, 10.4500, 10.4500,
         10.4500, 10.4500, 10.4500, 10.4500, 10.4500, 10.4500, 10.4500, 10.4500,
         10.4500, 10.4500, 10.4500, 10.4500, 10.4500, 10.4500, 10.4500, 10.4500,
         10.4500, 10.4500, 10.4500, 10.4500, 10.4500, 10.4500, 10.4500, 10.4500,
         10.4500, 10.4500, 10.4500, 10.4500, 10.4500, 10.4500, 10.4500, 10.4500,
         10.4500, 10.4500, 10.4500, 10.4500, 10.4500, 10.4500, 10.4500, 10.4500,
         10.4500, 10.4500, 10.4500, 10.4500, 10.4500, 10.4500, 10.4500, 10.4500,
         10.4500, 10.4500, 10.4500, 10.4500, 10.4500, 10.4500, 10.4500, 10.4500,
         10.4500, 10.4500, 10.4500]])


Epoch : 16  BatchNum : 0  Loss : 0.008080157451331615

y_pred:
tensor([[10.3704, 10.3057, 10.3472, 10.3494, 10.3810, 10.3544, 10.2783, 10.3394,
         10.3778, 10.3912, 10.3890, 10.4010, 10.3130, 10.3806, 10.3954, 10.3939,
         10.3361, 10.3682, 10.4294, 10.3562, 10.3889, 10.3546, 10.3158, 10.3285,
         10.3413, 10.3836, 10.3850, 10.3882, 10.3468, 10.4005, 10.4267, 10.3607,
         10.3373, 10.2909, 10.4164, 10.4352, 10.3756, 10.4252, 10.3878, 10.4002,
         10.3237, 10.3775, 10.3899, 10.4397, 10.3801, 10.4198, 10.3163, 10.3682,
         10.3746, 10.3926, 10.4262, 10.4141, 10.4145, 10.3525, 10.3701, 10.3514,
         10.3933, 10.2991, 10.3828, 10.2820, 10.4166, 10.3627, 10.4055, 10.3520,
         10.4119, 10.2240, 10.4065, 10.4109, 10.3777, 10.4292, 10.3335, 10.3188,
         10.3904, 10.3312, 10.3885]], grad_fn=<CopySlices>)

labels:
tensor([[10.4500, 10.4500, 10.4500, 10.4500, 10.4500, 10.4500, 10.4500, 10.4500,
         10.4500, 10.4500, 10.4500, 10.4500, 10.4500, 10.4500, 10.4500, 10.4500,
         10.4500, 10.4500, 10.4500, 10.4500, 10.4500, 10.4500, 10.4500, 10.4500,
         10.4500, 10.4500, 10.4500, 10.4500, 10.4500, 10.4500, 10.4500, 10.4500,
         10.4500, 10.4500, 10.4500, 10.4500, 10.4500, 10.4500, 10.4500, 10.4500,
         10.4500, 10.4500, 10.4500, 10.4500, 10.4500, 10.4500, 10.4500, 10.4500,
         10.4500, 10.4500, 10.4500, 10.4500, 10.4500, 10.4500, 10.4500, 10.4500,
         10.4500, 10.4500, 10.4500, 10.4500, 10.4500, 10.4500, 10.4500, 10.4500,
         10.4500, 10.4500, 10.4500, 10.4500, 10.4500, 10.4500, 10.4500, 10.4500,
         10.4500, 10.4500, 10.4500]])


Epoch : 17  BatchNum : 0  Loss : 0.004906987305730581

y_pred:
tensor([[10.3894, 10.3359, 10.3703, 10.3720, 10.3978, 10.3762, 10.3130, 10.3640,
         10.3953, 10.4060, 10.4041, 10.4135, 10.3419, 10.3974, 10.4093, 10.4079,
         10.3612, 10.3873, 10.4356, 10.3776, 10.4042, 10.3763, 10.3444, 10.3550,
         10.3654, 10.3998, 10.4010, 10.4035, 10.3699, 10.4133, 10.4335, 10.3814,
         10.3621, 10.3233, 10.4257, 10.4399, 10.3935, 10.4323, 10.4030, 10.4132,
         10.3508, 10.3948, 10.4049, 10.4430, 10.3969, 10.4282, 10.3449, 10.3874,
         10.3925, 10.4071, 10.4332, 10.4237, 10.4241, 10.3746, 10.3890, 10.3738,
         10.4077, 10.3306, 10.3991, 10.3158, 10.4258, 10.3829, 10.4171, 10.3743,
         10.4224, 10.2668, 10.4180, 10.4215, 10.3950, 10.4354, 10.3592, 10.3469,
         10.4054, 10.3572, 10.4038]], grad_fn=<CopySlices>)

labels:
tensor([[10.4500, 10.4500, 10.4500, 10.4500, 10.4500, 10.4500, 10.4500, 10.4500,
         10.4500, 10.4500, 10.4500, 10.4500, 10.4500, 10.4500, 10.4500, 10.4500,
         10.4500, 10.4500, 10.4500, 10.4500, 10.4500, 10.4500, 10.4500, 10.4500,
         10.4500, 10.4500, 10.4500, 10.4500, 10.4500, 10.4500, 10.4500, 10.4500,
         10.4500, 10.4500, 10.4500, 10.4500, 10.4500, 10.4500, 10.4500, 10.4500,
         10.4500, 10.4500, 10.4500, 10.4500, 10.4500, 10.4500, 10.4500, 10.4500,
         10.4500, 10.4500, 10.4500, 10.4500, 10.4500, 10.4500, 10.4500, 10.4500,
         10.4500, 10.4500, 10.4500, 10.4500, 10.4500, 10.4500, 10.4500, 10.4500,
         10.4500, 10.4500, 10.4500, 10.4500, 10.4500, 10.4500, 10.4500, 10.4500,
         10.4500, 10.4500, 10.4500]])


Epoch : 18  BatchNum : 0  Loss : 0.0029901834204792976

y_pred:
tensor([[10.4037, 10.3597, 10.3881, 10.3896, 10.4103, 10.3931, 10.3408, 10.3829,
         10.4083, 10.4168, 10.4155, 10.4228, 10.3647, 10.4101, 10.4194, 10.4186,
         10.3807, 10.4021, 10.4400, 10.3941, 10.4155, 10.3932, 10.3667, 10.3756,
         10.3841, 10.4124, 10.4129, 10.4150, 10.3879, 10.4226, 10.4382, 10.3972,
         10.3815, 10.3494, 10.4323, 10.4431, 10.4068, 10.4375, 10.4147, 10.4227,
         10.3720, 10.4081, 10.4161, 10.4454, 10.4098, 10.4343, 10.3671, 10.4019,
         10.4061, 10.4178, 10.4380, 10.4310, 10.4313, 10.3917, 10.4034, 10.3910,
         10.4181, 10.3552, 10.4115, 10.3431, 10.4326, 10.3985, 10.4258, 10.3915,
         10.4297, 10.3014, 10.4263, 10.4290, 10.4083, 10.4397, 10.3790, 10.3689,
         10.4166, 10.3773, 10.4152]], grad_fn=<CopySlices>)

labels:
tensor([[10.4500, 10.4500, 10.4500, 10.4500, 10.4500, 10.4500, 10.4500, 10.4500,
         10.4500, 10.4500, 10.4500, 10.4500, 10.4500, 10.4500, 10.4500, 10.4500,
         10.4500, 10.4500, 10.4500, 10.4500, 10.4500, 10.4500, 10.4500, 10.4500,
         10.4500, 10.4500, 10.4500, 10.4500, 10.4500, 10.4500, 10.4500, 10.4500,
         10.4500, 10.4500, 10.4500, 10.4500, 10.4500, 10.4500, 10.4500, 10.4500,
         10.4500, 10.4500, 10.4500, 10.4500, 10.4500, 10.4500, 10.4500, 10.4500,
         10.4500, 10.4500, 10.4500, 10.4500, 10.4500, 10.4500, 10.4500, 10.4500,
         10.4500, 10.4500, 10.4500, 10.4500, 10.4500, 10.4500, 10.4500, 10.4500,
         10.4500, 10.4500, 10.4500, 10.4500, 10.4500, 10.4500, 10.4500, 10.4500,
         10.4500, 10.4500, 10.4500]])


Epoch : 19  BatchNum : 0  Loss : 0.001842733589001

y_pred:
tensor([[10.4144, 10.3785, 10.4018, 10.4029, 10.4197, 10.4056, 10.3623, 10.3975,
         10.4180, 10.4248, 10.4239, 10.4297, 10.3824, 10.4194, 10.4271, 10.4263,
         10.3957, 10.4129, 10.4427, 10.4065, 10.4239, 10.4058, 10.3842, 10.3915,
         10.3986, 10.4212, 10.4219, 10.4235, 10.4016, 10.4295, 10.4415, 10.4090,
         10.3962, 10.3698, 10.4368, 10.4450, 10.4170, 10.4408, 10.4233, 10.4294,
         10.3888, 10.4179, 10.4243, 10.4468, 10.4194, 10.4385, 10.3847, 10.4131,
         10.4164, 10.4256, 10.4413, 10.4359, 10.4362, 10.4046, 10.4140, 10.4042,
         10.4258, 10.3746, 10.4207, 10.3645, 10.4371, 10.4101, 10.4318, 10.4044,
         10.4350, 10.3292, 10.4324, 10.4344, 10.4180, 10.4425, 10.3942, 10.3860,
         10.4246, 10.3929, 10.4236]], grad_fn=<CopySlices>)

labels:
tensor([[10.4500, 10.4500, 10.4500, 10.4500, 10.4500, 10.4500, 10.4500, 10.4500,
         10.4500, 10.4500, 10.4500, 10.4500, 10.4500, 10.4500, 10.4500, 10.4500,
         10.4500, 10.4500, 10.4500, 10.4500, 10.4500, 10.4500, 10.4500, 10.4500,
         10.4500, 10.4500, 10.4500, 10.4500, 10.4500, 10.4500, 10.4500, 10.4500,
         10.4500, 10.4500, 10.4500, 10.4500, 10.4500, 10.4500, 10.4500, 10.4500,
         10.4500, 10.4500, 10.4500, 10.4500, 10.4500, 10.4500, 10.4500, 10.4500,
         10.4500, 10.4500, 10.4500, 10.4500, 10.4500, 10.4500, 10.4500, 10.4500,
         10.4500, 10.4500, 10.4500, 10.4500, 10.4500, 10.4500, 10.4500, 10.4500,
         10.4500, 10.4500, 10.4500, 10.4500, 10.4500, 10.4500, 10.4500, 10.4500,
         10.4500, 10.4500, 10.4500]])


Epoch : 20  BatchNum : 0  Loss : 0.0011363034136593342

y_pred:
tensor([[10.4226, 10.3933, 10.4122, 10.4134, 10.4268, 10.4155, 10.3799, 10.4090,
         10.4256, 10.4310, 10.4302, 10.4348, 10.3966, 10.4268, 10.4328, 10.4320,
         10.4075, 10.4216, 10.4447, 10.4164, 10.4301, 10.4157, 10.3981, 10.4040,
         10.4098, 10.4280, 10.4285, 10.4298, 10.4122, 10.4347, 10.4438, 10.4185,
         10.4081, 10.3859, 10.4404, 10.4465, 10.4249, 10.4433, 10.4296, 10.4346,
         10.4019, 10.4254, 10.4305, 10.4477, 10.4264, 10.4416, 10.3984, 10.4216,
         10.4242, 10.4315, 10.4436, 10.4394, 10.4397, 10.4150, 10.4225, 10.4144,
         10.4319, 10.3900, 10.4277, 10.3815, 10.4406, 10.4191, 10.4362, 10.4145,
         10.4387, 10.3519, 10.4369, 10.4384, 10.4253, 10.4444, 10.4062, 10.3996,
         10.4307, 10.4052, 10.4299]], grad_fn=<CopySlices>)

labels:
tensor([[10.4500, 10.4500, 10.4500, 10.4500, 10.4500, 10.4500, 10.4500, 10.4500,
         10.4500, 10.4500, 10.4500, 10.4500, 10.4500, 10.4500, 10.4500, 10.4500,
         10.4500, 10.4500, 10.4500, 10.4500, 10.4500, 10.4500, 10.4500, 10.4500,
         10.4500, 10.4500, 10.4500, 10.4500, 10.4500, 10.4500, 10.4500, 10.4500,
         10.4500, 10.4500, 10.4500, 10.4500, 10.4500, 10.4500, 10.4500, 10.4500,
         10.4500, 10.4500, 10.4500, 10.4500, 10.4500, 10.4500, 10.4500, 10.4500,
         10.4500, 10.4500, 10.4500, 10.4500, 10.4500, 10.4500, 10.4500, 10.4500,
         10.4500, 10.4500, 10.4500, 10.4500, 10.4500, 10.4500, 10.4500, 10.4500,
         10.4500, 10.4500, 10.4500, 10.4500, 10.4500, 10.4500, 10.4500, 10.4500,
         10.4500, 10.4500, 10.4500]])


Epoch : 21  BatchNum : 0  Loss : 0.0006964622880332172

y_pred:
tensor([[10.4290, 10.4052, 10.4210, 10.4217, 10.4323, 10.4233, 10.3941, 10.4180,
         10.4314, 10.4357, 10.4349, 10.4388, 10.4079, 10.4325, 10.4372, 10.4366,
         10.4167, 10.4281, 10.4463, 10.4240, 10.4351, 10.4235, 10.4091, 10.4140,
         10.4187, 10.4332, 10.4338, 10.4349, 10.4207, 10.4386, 10.4457, 10.4256,
         10.4173, 10.3989, 10.4431, 10.4475, 10.4308, 10.4452, 10.4347, 10.4385,
         10.4122, 10.4312, 10.4353, 10.4484, 10.4322, 10.4438, 10.4093, 10.4283,
         10.4305, 10.4363, 10.4455, 10.4423, 10.4425, 10.4228, 10.4289, 10.4223,
         10.4364, 10.4026, 10.4329, 10.3954, 10.4431, 10.4262, 10.4399, 10.4227,
         10.4419, 10.3704, 10.4403, 10.4416, 10.4314, 10.4461, 10.4159, 10.4104,
         10.4353, 10.4151, 10.4347]], grad_fn=<CopySlices>)

labels:
tensor([[10.4500, 10.4500, 10.4500, 10.4500, 10.4500, 10.4500, 10.4500, 10.4500,
         10.4500, 10.4500, 10.4500, 10.4500, 10.4500, 10.4500, 10.4500, 10.4500,
         10.4500, 10.4500, 10.4500, 10.4500, 10.4500, 10.4500, 10.4500, 10.4500,
         10.4500, 10.4500, 10.4500, 10.4500, 10.4500, 10.4500, 10.4500, 10.4500,
         10.4500, 10.4500, 10.4500, 10.4500, 10.4500, 10.4500, 10.4500, 10.4500,
         10.4500, 10.4500, 10.4500, 10.4500, 10.4500, 10.4500, 10.4500, 10.4500,
         10.4500, 10.4500, 10.4500, 10.4500, 10.4500, 10.4500, 10.4500, 10.4500,
         10.4500, 10.4500, 10.4500, 10.4500, 10.4500, 10.4500, 10.4500, 10.4500,
         10.4500, 10.4500, 10.4500, 10.4500, 10.4500, 10.4500, 10.4500, 10.4500,
         10.4500, 10.4500, 10.4500]])


Epoch : 22  BatchNum : 0  Loss : 0.0004257499531377107

y_pred:
tensor([[10.4340, 10.4146, 10.4274, 10.4281, 10.4368, 10.4295, 10.4054, 10.4251,
         10.4360, 10.4393, 10.4387, 10.4415, 10.4170, 10.4366, 10.4404, 10.4401,
         10.4241, 10.4334, 10.4476, 10.4300, 10.4388, 10.4296, 10.4178, 10.4220,
         10.4257, 10.4376, 10.4378, 10.4387, 10.4272, 10.4415, 10.4469, 10.4313,
         10.4244, 10.4096, 10.4450, 10.4484, 10.4354, 10.4467, 10.4385, 10.4417,
         10.4202, 10.4357, 10.4392, 10.4488, 10.4365, 10.4458, 10.4181, 10.4332,
         10.4351, 10.4394, 10.4469, 10.4447, 10.4447, 10.4291, 10.4338, 10.4287,
         10.4398, 10.4124, 10.4373, 10.4066, 10.4453, 10.4319, 10.4427, 10.4290,
         10.4443, 10.3856, 10.4429, 10.4440, 10.4359, 10.4476, 10.4234, 10.4189,
         10.4392, 10.4226, 10.4387]], grad_fn=<CopySlices>)

labels:
tensor([[10.4500, 10.4500, 10.4500, 10.4500, 10.4500, 10.4500, 10.4500, 10.4500,
         10.4500, 10.4500, 10.4500, 10.4500, 10.4500, 10.4500, 10.4500, 10.4500,
         10.4500, 10.4500, 10.4500, 10.4500, 10.4500, 10.4500, 10.4500, 10.4500,
         10.4500, 10.4500, 10.4500, 10.4500, 10.4500, 10.4500, 10.4500, 10.4500,
         10.4500, 10.4500, 10.4500, 10.4500, 10.4500, 10.4500, 10.4500, 10.4500,
         10.4500, 10.4500, 10.4500, 10.4500, 10.4500, 10.4500, 10.4500, 10.4500,
         10.4500, 10.4500, 10.4500, 10.4500, 10.4500, 10.4500, 10.4500, 10.4500,
         10.4500, 10.4500, 10.4500, 10.4500, 10.4500, 10.4500, 10.4500, 10.4500,
         10.4500, 10.4500, 10.4500, 10.4500, 10.4500, 10.4500, 10.4500, 10.4500,
         10.4500, 10.4500, 10.4500]])


Epoch : 23  BatchNum : 0  Loss : 0.00026490469463169575

y_pred:
tensor([[10.4377, 10.4218, 10.4324, 10.4329, 10.4399, 10.4340, 10.4144, 10.4305,
         10.4391, 10.4417, 10.4415, 10.4437, 10.4238, 10.4399, 10.4426, 10.4423,
         10.4297, 10.4373, 10.4483, 10.4345, 10.4413, 10.4343, 10.4245, 10.4279,
         10.4309, 10.4403, 10.4406, 10.4413, 10.4323, 10.4436, 10.4479, 10.4356,
         10.4301, 10.4179, 10.4463, 10.4487, 10.4387, 10.4477, 10.4413, 10.4437,
         10.4265, 10.4391, 10.4415, 10.4489, 10.4397, 10.4469, 10.4247, 10.4371,
         10.4385, 10.4420, 10.4479, 10.4459, 10.4460, 10.4337, 10.4377, 10.4333,
         10.4421, 10.4200, 10.4402, 10.4152, 10.4463, 10.4359, 10.4446, 10.4334,
         10.4456, 10.3978, 10.4448, 10.4453, 10.4392, 10.4482, 10.4291, 10.4253,
         10.4417, 10.4285, 10.4413]], grad_fn=<CopySlices>)

labels:
tensor([[10.4500, 10.4500, 10.4500, 10.4500, 10.4500, 10.4500, 10.4500, 10.4500,
         10.4500, 10.4500, 10.4500, 10.4500, 10.4500, 10.4500, 10.4500, 10.4500,
         10.4500, 10.4500, 10.4500, 10.4500, 10.4500, 10.4500, 10.4500, 10.4500,
         10.4500, 10.4500, 10.4500, 10.4500, 10.4500, 10.4500, 10.4500, 10.4500,
         10.4500, 10.4500, 10.4500, 10.4500, 10.4500, 10.4500, 10.4500, 10.4500,
         10.4500, 10.4500, 10.4500, 10.4500, 10.4500, 10.4500, 10.4500, 10.4500,
         10.4500, 10.4500, 10.4500, 10.4500, 10.4500, 10.4500, 10.4500, 10.4500,
         10.4500, 10.4500, 10.4500, 10.4500, 10.4500, 10.4500, 10.4500, 10.4500,
         10.4500, 10.4500, 10.4500, 10.4500, 10.4500, 10.4500, 10.4500, 10.4500,
         10.4500, 10.4500, 10.4500]])


Epoch : 24  BatchNum : 0  Loss : 0.00015967673971317708

y_pred:
tensor([[10.4407, 10.4280, 10.4365, 10.4369, 10.4425, 10.4379, 10.4216, 10.4350,
         10.4418, 10.4442, 10.4438, 10.4456, 10.4296, 10.4424, 10.4447, 10.4445,
         10.4344, 10.4404, 10.4488, 10.4382, 10.4438, 10.4379, 10.4301, 10.4328,
         10.4354, 10.4429, 10.4432, 10.4437, 10.4365, 10.4455, 10.4488, 10.4391,
         10.4346, 10.4244, 10.4475, 10.4491, 10.4416, 10.4485, 10.4437, 10.4455,
         10.4318, 10.4418, 10.4440, 10.4494, 10.4423, 10.4480, 10.4303, 10.4403,
         10.4414, 10.4444, 10.4487, 10.4472, 10.4473, 10.4376, 10.4407, 10.4375,
         10.4446, 10.4264, 10.4427, 10.4224, 10.4476, 10.4394, 10.4461, 10.4376,
         10.4469, 10.4076, 10.4464, 10.4469, 10.4419, 10.4487, 10.4338, 10.4307,
         10.4441, 10.4334, 10.4438]], grad_fn=<CopySlices>)

labels:
tensor([[10.4500, 10.4500, 10.4500, 10.4500, 10.4500, 10.4500, 10.4500, 10.4500,
         10.4500, 10.4500, 10.4500, 10.4500, 10.4500, 10.4500, 10.4500, 10.4500,
         10.4500, 10.4500, 10.4500, 10.4500, 10.4500, 10.4500, 10.4500, 10.4500,
         10.4500, 10.4500, 10.4500, 10.4500, 10.4500, 10.4500, 10.4500, 10.4500,
         10.4500, 10.4500, 10.4500, 10.4500, 10.4500, 10.4500, 10.4500, 10.4500,
         10.4500, 10.4500, 10.4500, 10.4500, 10.4500, 10.4500, 10.4500, 10.4500,
         10.4500, 10.4500, 10.4500, 10.4500, 10.4500, 10.4500, 10.4500, 10.4500,
         10.4500, 10.4500, 10.4500, 10.4500, 10.4500, 10.4500, 10.4500, 10.4500,
         10.4500, 10.4500, 10.4500, 10.4500, 10.4500, 10.4500, 10.4500, 10.4500,
         10.4500, 10.4500, 10.4500]])


Epoch : 25  BatchNum : 0  Loss : 9.9685785244219e-05

y_pred:
tensor([[10.4427, 10.4325, 10.4395, 10.4398, 10.4443, 10.4406, 10.4272, 10.4382,
         10.4439, 10.4456, 10.4452, 10.4468, 10.4336, 10.4443, 10.4460, 10.4459,
         10.4377, 10.4424, 10.4489, 10.4408, 10.4453, 10.4406, 10.4344, 10.4364,
         10.4386, 10.4448, 10.4449, 10.4452, 10.4395, 10.4466, 10.4488, 10.4414,
         10.4379, 10.4295, 10.4481, 10.4492, 10.4438, 10.4487, 10.4452, 10.4464,
         10.4357, 10.4439, 10.4454, 10.4494, 10.4442, 10.4483, 10.4345, 10.4426,
         10.4435, 10.4458, 10.4486, 10.4479, 10.4481, 10.4402, 10.4429, 10.4400,
         10.4458, 10.4312, 10.4446, 10.4280, 10.4481, 10.4418, 10.4471, 10.4402,
         10.4478, 10.4157, 10.4470, 10.4477, 10.4439, 10.4490, 10.4373, 10.4348,
         10.4453, 10.4370, 10.4453]], grad_fn=<CopySlices>)

labels:
tensor([[10.4500, 10.4500, 10.4500, 10.4500, 10.4500, 10.4500, 10.4500, 10.4500,
         10.4500, 10.4500, 10.4500, 10.4500, 10.4500, 10.4500, 10.4500, 10.4500,
         10.4500, 10.4500, 10.4500, 10.4500, 10.4500, 10.4500, 10.4500, 10.4500,
         10.4500, 10.4500, 10.4500, 10.4500, 10.4500, 10.4500, 10.4500, 10.4500,
         10.4500, 10.4500, 10.4500, 10.4500, 10.4500, 10.4500, 10.4500, 10.4500,
         10.4500, 10.4500, 10.4500, 10.4500, 10.4500, 10.4500, 10.4500, 10.4500,
         10.4500, 10.4500, 10.4500, 10.4500, 10.4500, 10.4500, 10.4500, 10.4500,
         10.4500, 10.4500, 10.4500, 10.4500, 10.4500, 10.4500, 10.4500, 10.4500,
         10.4500, 10.4500, 10.4500, 10.4500, 10.4500, 10.4500, 10.4500, 10.4500,
         10.4500, 10.4500, 10.4500]])


Epoch : 26  BatchNum : 0  Loss : 6.204894452821463e-05

y_pred:
tensor([[10.4446, 10.4361, 10.4418, 10.4421, 10.4458, 10.4428, 10.4317, 10.4407,
         10.4454, 10.4467, 10.4465, 10.4474, 10.4372, 10.4454, 10.4472, 10.4470,
         10.4402, 10.4443, 10.4491, 10.4428, 10.4466, 10.4427, 10.4376, 10.4392,
         10.4411, 10.4459, 10.4463, 10.4463, 10.4417, 10.4474, 10.4489, 10.4435,
         10.4404, 10.4337, 10.4487, 10.4494, 10.4453, 10.4489, 10.4463, 10.4474,
         10.4387, 10.4454, 10.4467, 10.4494, 10.4457, 10.4487, 10.4376, 10.4445,
         10.4451, 10.4469, 10.4490, 10.4483, 10.4484, 10.4424, 10.4446, 10.4423,
         10.4469, 10.4351, 10.4460, 10.4324, 10.4485, 10.4438, 10.4480, 10.4423,
         10.4484, 10.4221, 10.4479, 10.4482, 10.4454, 10.4492, 10.4401, 10.4381,
         10.4466, 10.4396, 10.4464]], grad_fn=<CopySlices>)

labels:
tensor([[10.4500, 10.4500, 10.4500, 10.4500, 10.4500, 10.4500, 10.4500, 10.4500,
         10.4500, 10.4500, 10.4500, 10.4500, 10.4500, 10.4500, 10.4500, 10.4500,
         10.4500, 10.4500, 10.4500, 10.4500, 10.4500, 10.4500, 10.4500, 10.4500,
         10.4500, 10.4500, 10.4500, 10.4500, 10.4500, 10.4500, 10.4500, 10.4500,
         10.4500, 10.4500, 10.4500, 10.4500, 10.4500, 10.4500, 10.4500, 10.4500,
         10.4500, 10.4500, 10.4500, 10.4500, 10.4500, 10.4500, 10.4500, 10.4500,
         10.4500, 10.4500, 10.4500, 10.4500, 10.4500, 10.4500, 10.4500, 10.4500,
         10.4500, 10.4500, 10.4500, 10.4500, 10.4500, 10.4500, 10.4500, 10.4500,
         10.4500, 10.4500, 10.4500, 10.4500, 10.4500, 10.4500, 10.4500, 10.4500,
         10.4500, 10.4500, 10.4500]])


Epoch : 27  BatchNum : 0  Loss : 3.744432615349069e-05

y_pred:
tensor([[10.4459, 10.4390, 10.4438, 10.4439, 10.4468, 10.4446, 10.4356, 10.4431,
         10.4466, 10.4475, 10.4473, 10.4482, 10.4400, 10.4468, 10.4480, 10.4479,
         10.4426, 10.4457, 10.4493, 10.4446, 10.4474, 10.4445, 10.4402, 10.4418,
         10.4433, 10.4472, 10.4471, 10.4473, 10.4439, 10.4483, 10.4492, 10.4451,
         10.4427, 10.4371, 10.4489, 10.4496, 10.4463, 10.4491, 10.4472, 10.4480,
         10.4411, 10.4466, 10.4476, 10.4496, 10.4468, 10.4490, 10.4403, 10.4458,
         10.4464, 10.4476, 10.4490, 10.4488, 10.4487, 10.4442, 10.4460, 10.4443,
         10.4477, 10.4384, 10.4469, 10.4361, 10.4490, 10.4454, 10.4484, 10.4443,
         10.4486, 10.4276, 10.4483, 10.4489, 10.4467, 10.4494, 10.4423, 10.4405,
         10.4475, 10.4421, 10.4474]], grad_fn=<CopySlices>)

labels:
tensor([[10.4500, 10.4500, 10.4500, 10.4500, 10.4500, 10.4500, 10.4500, 10.4500,
         10.4500, 10.4500, 10.4500, 10.4500, 10.4500, 10.4500, 10.4500, 10.4500,
         10.4500, 10.4500, 10.4500, 10.4500, 10.4500, 10.4500, 10.4500, 10.4500,
         10.4500, 10.4500, 10.4500, 10.4500, 10.4500, 10.4500, 10.4500, 10.4500,
         10.4500, 10.4500, 10.4500, 10.4500, 10.4500, 10.4500, 10.4500, 10.4500,
         10.4500, 10.4500, 10.4500, 10.4500, 10.4500, 10.4500, 10.4500, 10.4500,
         10.4500, 10.4500, 10.4500, 10.4500, 10.4500, 10.4500, 10.4500, 10.4500,
         10.4500, 10.4500, 10.4500, 10.4500, 10.4500, 10.4500, 10.4500, 10.4500,
         10.4500, 10.4500, 10.4500, 10.4500, 10.4500, 10.4500, 10.4500, 10.4500,
         10.4500, 10.4500, 10.4500]])


Epoch : 28  BatchNum : 0  Loss : 2.2149259166326374e-05

y_pred:
tensor([[10.4471, 10.4415, 10.4454, 10.4455, 10.4479, 10.4461, 10.4385, 10.4447,
         10.4475, 10.4485, 10.4483, 10.4487, 10.4422, 10.4477, 10.4487, 10.4483,
         10.4443, 10.4468, 10.4496, 10.4461, 10.4484, 10.4460, 10.4425, 10.4438,
         10.4447, 10.4479, 10.4480, 10.4481, 10.4454, 10.4487, 10.4495, 10.4464,
         10.4446, 10.4399, 10.4491, 10.4498, 10.4476, 10.4495, 10.4482, 10.4487,
         10.4433, 10.4474, 10.4482, 10.4499, 10.4478, 10.4492, 10.4427, 10.4469,
         10.4474, 10.4484, 10.4495, 10.4490, 10.4492, 10.4458, 10.4470, 10.4459,
         10.4485, 10.4407, 10.4480, 10.4390, 10.4493, 10.4466, 10.4487, 10.4460,
         10.4491, 10.4320, 10.4488, 10.4491, 10.4476, 10.4496, 10.4443, 10.4428,
         10.4485, 10.4440, 10.4483]], grad_fn=<CopySlices>)

labels:
tensor([[10.4500, 10.4500, 10.4500, 10.4500, 10.4500, 10.4500, 10.4500, 10.4500,
         10.4500, 10.4500, 10.4500, 10.4500, 10.4500, 10.4500, 10.4500, 10.4500,
         10.4500, 10.4500, 10.4500, 10.4500, 10.4500, 10.4500, 10.4500, 10.4500,
         10.4500, 10.4500, 10.4500, 10.4500, 10.4500, 10.4500, 10.4500, 10.4500,
         10.4500, 10.4500, 10.4500, 10.4500, 10.4500, 10.4500, 10.4500, 10.4500,
         10.4500, 10.4500, 10.4500, 10.4500, 10.4500, 10.4500, 10.4500, 10.4500,
         10.4500, 10.4500, 10.4500, 10.4500, 10.4500, 10.4500, 10.4500, 10.4500,
         10.4500, 10.4500, 10.4500, 10.4500, 10.4500, 10.4500, 10.4500, 10.4500,
         10.4500, 10.4500, 10.4500, 10.4500, 10.4500, 10.4500, 10.4500, 10.4500,
         10.4500, 10.4500, 10.4500]])


